[2026-06-19T23:55:48.542Z] [debug] [vite] connecting...
[2026-06-19T23:55:48.577Z] [info] %cDownload the React DevTools for a better development experience: https://reactjs.org/link/react-devtools font-weight:bold
[2026-06-19T23:55:48.648Z] [debug] [vite] connected.
[2026-06-19T23:56:27.523Z] [debug] Search endpoint requested!
[2026-06-20T00:01:34.013Z] [debug] [vite] connecting...
[2026-06-20T00:01:34.027Z] [info] %cDownload the React DevTools for a better development experience: https://reactjs.org/link/react-devtools font-weight:bold
[2026-06-20T00:01:34.037Z] [debug] [vite] connected.
[2026-06-20T00:01:36.177Z] [warning] Google Maps JavaScript API has been loaded directly without loading=async. This can result in suboptimal performance. For best-practice loading patterns please see https://goo.gle/js-api-loading
[2026-06-20T00:01:52.234Z] [debug] [vite] hot updated: /src/App.jsx
[2026-06-20T00:02:04.418Z] [debug] [vite] hot updated: /src/App.jsx
[2026-06-20T00:02:13.591Z] [debug] [vite] hot updated: /src/App.jsx
[2026-06-20T00:02:20.960Z] [debug] [vite] hot updated: /src/App.jsx
[2026-06-20T00:02:28.633Z] [debug] [vite] hot updated: /src/App.jsx
[2026-06-20T00:02:36.401Z] [debug] [vite] hot updated: /src/App.jsx
[2026-06-20T00:02:36.418Z] [warning] As of March 1st, 2025, google.maps.places.PlacesService is not available to new customers. Please use google.maps.places.Place instead. At this time, google.maps.places.PlacesService is not scheduled to be discontinued, but google.maps.places.Place is recommended over google.maps.places.PlacesService. While google.maps.places.PlacesService will continue to receive bug fixes for any major regressions, existing bugs in google.maps.places.PlacesService will not be addressed. At least 12 months notice will be given before support is discontinued. Please see https://developers.google.com/maps/legacy for additional details and https://developers.google.com/maps/documentation/javascript/places-migration-overview for the migration guide.
[2026-06-20T00:02:49.894Z] [log] [vite] server connection lost. Polling for restart...
[2026-06-20T00:02:49.896Z] [error] Failed to load resource: net::ERR_CONNECTION_REFUSED
[2026-06-20T00:02:50.931Z] [warning] Google Maps JavaScript API has been loaded directly without loading=async. This can result in suboptimal performance. For best-practice loading patterns please see https://goo.gle/js-api-loading
[2026-06-20T00:02:51.124Z] [debug] [vite] connecting...
[2026-06-20T00:02:51.127Z] [debug] [vite] connected.
[2026-06-20T00:02:51.255Z] [info] %cDownload the React DevTools for a better development experience: https://reactjs.org/link/react-devtools font-weight:bold
[2026-06-20T00:02:51.281Z] [warning] As of March 1st, 2025, google.maps.places.PlacesService is not available to new customers. Please use google.maps.places.Place instead. At this time, google.maps.places.PlacesService is not scheduled to be discontinued, but google.maps.places.Place is recommended over google.maps.places.PlacesService. While google.maps.places.PlacesService will continue to receive bug fixes for any major regressions, existing bugs in google.maps.places.PlacesService will not be addressed. At least 12 months notice will be given before support is discontinued. Please see https://developers.google.com/maps/legacy for additional details and https://developers.google.com/maps/documentation/javascript/places-migration-overview for the migration guide.
[2026-06-20T00:03:01.695Z] [warning] Google Maps JavaScript API has been loaded directly without loading=async. This can result in suboptimal performance. For best-practice loading patterns please see https://goo.gle/js-api-loading
[2026-06-20T00:03:01.703Z] [debug] [vite] connecting...
[2026-06-20T00:03:01.703Z] [info] %cDownload the React DevTools for a better development experience: https://reactjs.org/link/react-devtools font-weight:bold
[2026-06-20T00:03:01.708Z] [warning] As of March 1st, 2025, google.maps.places.PlacesService is not available to new customers. Please use google.maps.places.Place instead. At this time, google.maps.places.PlacesService is not scheduled to be discontinued, but google.maps.places.Place is recommended over google.maps.places.PlacesService. While google.maps.places.PlacesService will continue to receive bug fixes for any major regressions, existing bugs in google.maps.places.PlacesService will not be addressed. At least 12 months notice will be given before support is discontinued. Please see https://developers.google.com/maps/legacy for additional details and https://developers.google.com/maps/documentation/javascript/places-migration-overview for the migration guide.
[2026-06-20T00:03:01.729Z] [debug] [vite] connected.
[2026-06-20T00:03:34.818Z] [warning] As of March 1st, 2025, google.maps.places.PlacesService is not available to new customers. Please use google.maps.places.Place instead. At this time, google.maps.places.PlacesService is not scheduled to be discontinued, but google.maps.places.Place is recommended over google.maps.places.PlacesService. While google.maps.places.PlacesService will continue to receive bug fixes for any major regressions, existing bugs in google.maps.places.PlacesService will not be addressed. At least 12 months notice will be given before support is discontinued. Please see https://developers.google.com/maps/legacy for additional details and https://developers.google.com/maps/documentation/javascript/places-migration-overview for the migration guide.
[2026-06-20T00:03:34.818Z] [warning] As of March 1st, 2025, google.maps.places.PlacesService is not available to new customers. Please use google.maps.places.Place instead. At this time, google.maps.places.PlacesService is not scheduled to be discontinued, but google.maps.places.Place is recommended over google.maps.places.PlacesService. While google.maps.places.PlacesService will continue to receive bug fixes for any major regressions, existing bugs in google.maps.places.PlacesService will not be addressed. At least 12 months notice will be given before support is discontinued. Please see https://developers.google.com/maps/legacy for additional details and https://developers.google.com/maps/documentation/javascript/places-migration-overview for the migration guide.
[2026-06-20T00:03:35.659Z] [debug] Search endpoint requested!
[2026-06-20T00:04:58.652Z] [debug] [vite] hot updated: /src/App.jsx
[2026-06-20T00:04:58.671Z] [warning] As of March 1st, 2025, google.maps.places.PlacesService is not available to new customers. Please use google.maps.places.Place instead. At this time, google.maps.places.PlacesService is not scheduled to be discontinued, but google.maps.places.Place is recommended over google.maps.places.PlacesService. While google.maps.places.PlacesService will continue to receive bug fixes for any major regressions, existing bugs in google.maps.places.PlacesService will not be addressed. At least 12 months notice will be given before support is discontinued. Please see https://developers.google.com/maps/legacy for additional details and https://developers.google.com/maps/documentation/javascript/places-migration-overview for the migration guide.
[2026-06-20T00:05:52.408Z] [debug] [vite] hot updated: /src/App.jsx
[2026-06-20T00:05:52.429Z] [warning] As of March 1st, 2025, google.maps.places.PlacesService is not available to new customers. Please use google.maps.places.Place instead. At this time, google.maps.places.PlacesService is not scheduled to be discontinued, but google.maps.places.Place is recommended over google.maps.places.PlacesService. While google.maps.places.PlacesService will continue to receive bug fixes for any major regressions, existing bugs in google.maps.places.PlacesService will not be addressed. At least 12 months notice will be given before support is discontinued. Please see https://developers.google.com/maps/legacy for additional details and https://developers.google.com/maps/documentation/javascript/places-migration-overview for the migration guide.
[2026-06-20T00:05:55.308Z] [debug] Search endpoint requested!
[2026-06-20T00:06:05.571Z] [log] [vite] server connection lost. Polling for restart...
[2026-06-20T00:06:05.571Z] [error] Failed to load resource: net::ERR_CONNECTION_REFUSED
[2026-06-20T00:06:06.573Z] [error] Failed to load resource: net::ERR_CONNECTION_REFUSED
[2026-06-20T00:06:07.605Z] [warning] Google Maps JavaScript API has been loaded directly without loading=async. This can result in suboptimal performance. For best-practice loading patterns please see https://goo.gle/js-api-loading
[2026-06-20T00:06:07.759Z] [debug] [vite] connecting...
[2026-06-20T00:06:07.767Z] [debug] [vite] connected.
[2026-06-20T00:06:07.921Z] [info] %cDownload the React DevTools for a better development experience: https://reactjs.org/link/react-devtools font-weight:bold
[2026-06-20T00:06:07.926Z] [warning] As of March 1st, 2025, google.maps.places.PlacesService is not available to new customers. Please use google.maps.places.Place instead. At this time, google.maps.places.PlacesService is not scheduled to be discontinued, but google.maps.places.Place is recommended over google.maps.places.PlacesService. While google.maps.places.PlacesService will continue to receive bug fixes for any major regressions, existing bugs in google.maps.places.PlacesService will not be addressed. At least 12 months notice will be given before support is discontinued. Please see https://developers.google.com/maps/legacy for additional details and https://developers.google.com/maps/documentation/javascript/places-migration-overview for the migration guide.
[2026-06-20T00:06:16.186Z] [debug] [vite] connecting...
[2026-06-20T00:06:16.187Z] [info] %cDownload the React DevTools for a better development experience: https://reactjs.org/link/react-devtools font-weight:bold
[2026-06-20T00:06:16.190Z] [debug] [vite] connected.
[2026-06-20T00:06:16.194Z] [warning] Google Maps JavaScript API has been loaded directly without loading=async. This can result in suboptimal performance. For best-practice loading patterns please see https://goo.gle/js-api-loading
[2026-06-20T00:06:16.589Z] [warning] As of March 1st, 2025, google.maps.places.PlacesService is not available to new customers. Please use google.maps.places.Place instead. At this time, google.maps.places.PlacesService is not scheduled to be discontinued, but google.maps.places.Place is recommended over google.maps.places.PlacesService. While google.maps.places.PlacesService will continue to receive bug fixes for any major regressions, existing bugs in google.maps.places.PlacesService will not be addressed. At least 12 months notice will be given before support is discontinued. Please see https://developers.google.com/maps/legacy for additional details and https://developers.google.com/maps/documentation/javascript/places-migration-overview for the migration guide.
[2026-06-20T00:06:18.694Z] [debug] Search endpoint requested!
[2026-06-20T00:09:41.898Z] [log] [vite] server connection lost. Polling for restart...
[2026-06-20T00:09:41.898Z] [error] Failed to load resource: net::ERR_CONNECTION_REFUSED
[2026-06-20T00:09:42.914Z] [warning] Google Maps JavaScript API has been loaded directly without loading=async. This can result in suboptimal performance. For best-practice loading patterns please see https://goo.gle/js-api-loading
[2026-06-20T00:09:42.976Z] [debug] [vite] connecting...
[2026-06-20T00:09:42.984Z] [debug] [vite] connected.
[2026-06-20T00:09:43.002Z] [info] %cDownload the React DevTools for a better development experience: https://reactjs.org/link/react-devtools font-weight:bold
[2026-06-20T00:09:43.007Z] [warning] As of March 1st, 2025, google.maps.places.PlacesService is not available to new customers. Please use google.maps.places.Place instead. At this time, google.maps.places.PlacesService is not scheduled to be discontinued, but google.maps.places.Place is recommended over google.maps.places.PlacesService. While google.maps.places.PlacesService will continue to receive bug fixes for any major regressions, existing bugs in google.maps.places.PlacesService will not be addressed. At least 12 months notice will be given before support is discontinued. Please see https://developers.google.com/maps/legacy for additional details and https://developers.google.com/maps/documentation/javascript/places-migration-overview for the migration guide.
