[2026-06-19T23:55:47.732Z] GET http://localhost:5174/ → 200 (25ms, 1123B)
[2026-06-19T23:55:47.767Z] GET http://localhost:5174/@vite/client → 200 (158ms, 137703B)
[2026-06-19T23:55:47.767Z] GET https://fonts.googleapis.com/css2?family=Noto+Serif+KR:wght@300;400;500;600;700&display=swap → 200 (402ms, 116478B)
[2026-06-19T23:55:47.767Z] GET https://cdn.jsdelivr.net/gh/orioncactus/pretendard@v1.3.9/dist/web/variable/pretendardvariable.min.css → 200 (119ms, 1128B)
[2026-06-19T23:55:47.767Z] GET http://localhost:5174/src/main.jsx → 200 (148ms, 2108B)
[2026-06-19T23:55:47.773Z] GET http://localhost:5174/@react-refresh → 200 (146ms, 117548B)
[2026-06-19T23:55:47.916Z] GET http://localhost:5174/node_modules/.vite/deps/react_jsx-dev-runtime.js?v=5c65b222 → 200 (124ms, 36963B)
[2026-06-19T23:55:47.916Z] GET http://localhost:5174/node_modules/.vite/deps/react.js?v=5c65b222 → 200 (122ms, 155B)
[2026-06-19T23:55:47.916Z] GET http://localhost:5174/node_modules/.vite/deps/react-dom_client.js?v=1137c228 → 200 (123ms, 1054B)
[2026-06-19T23:55:47.916Z] GET http://localhost:5174/src/App.jsx → 200 (71ms, 153096B)
[2026-06-19T23:55:47.916Z] GET http://localhost:5174/src/App.css → 200 (56ms, 20671B)
[2026-06-19T23:55:47.925Z] GET http://localhost:5174/node_modules/vite/dist/client/env.mjs → 200 (48ms, 4021B)
[2026-06-19T23:55:48.038Z] GET http://localhost:5174/node_modules/.vite/deps/chunk-REFQX4J5.js?v=8249eec1 → 200 (4ms, 77956B)
[2026-06-19T23:55:48.039Z] GET http://localhost:5174/node_modules/.vite/deps/chunk-373CG7ZK.js?v=8249eec1 → 200 (25ms, 928023B)
[2026-06-19T23:55:48.645Z] GET https://cdn.jsdelivr.net/gh/orioncactus/pretendard@v1.3.9/packages/pretendard/dist/web/variable/woff2/PretendardVariable.woff2 → 200 (695ms, 2060410B)
[2026-06-19T23:55:48.645Z] GET https://fonts.gstatic.com/s/notoserifkr/v31/3Jn7SDn90Gmq2mr3blnHaTZXduVp0uNzcmdRk6NBSYsXpcC_HIoOgGv0PTY.117.woff2 → 200 (621ms, 36548B)
[2026-06-19T23:55:48.645Z] GET https://fonts.gstatic.com/s/notoserifkr/v31/3Jn7SDn90Gmq2mr3blnHaTZXduVp0uNzcmdRk6NBSYsXpcC_HIoOgGv0PTY.118.woff2 → 200 (476ms, 31638B)
[2026-06-19T23:55:48.646Z] GET https://fonts.gstatic.com/s/notoserifkr/v31/3Jn7SDn90Gmq2mr3blnHaTZXRudj1cFxOHU.woff2 → 200 (602ms, 34868B)
[2026-06-19T23:55:48.646Z] GET https://fonts.gstatic.com/s/notoserifkr/v31/3Jn7SDn90Gmq2mr3blnHaTZXduVp0uNzcmdRk6NBSYsXpcC_HIoOgGv0PTY.110.woff2 → 200 (550ms, 43432B)
[2026-06-19T23:55:48.646Z] GET https://fonts.gstatic.com/s/notoserifkr/v31/3Jn7SDn90Gmq2mr3blnHaTZXduVp0uNzcmdRk6NBSYsXpcC_HIoOgGv0PTY.119.woff2 → 200 (702ms, 24050B)
[2026-06-19T23:55:48.646Z] GET https://fonts.gstatic.com/s/notoserifkr/v31/3Jn7SDn90Gmq2mr3blnHaTZXduVp0uNzcmdRk6NBSYsXpcC_HIoOgGv0PTY.116.woff2 → 200 (703ms, 39146B)
[2026-06-19T23:55:48.646Z] GET https://fonts.gstatic.com/s/notoserifkr/v31/3Jn7SDn90Gmq2mr3blnHaTZXduVp0uNzcmdRk6NBSYsXpcC_HIoOgGv0PTY.115.woff2 → 200 (695ms, 38792B)
[2026-06-19T23:55:48.646Z] GET https://fonts.gstatic.com/s/notoserifkr/v31/3Jn7SDn90Gmq2mr3blnHaTZXduVp0uNzcmdRk6NBSYsXpcC_HIoOgGv0PTY.114.woff2 → 200 (649ms, 40284B)
[2026-06-19T23:56:21.768Z] GET https://fonts.gstatic.com/s/notoserifkr/v31/3Jn7SDn90Gmq2mr3blnHaTZXduVp0uNzcmdRk6NBSYsXpcC_HIoOgGv0PTY.112.woff2 → 200 (69ms, 41267B)
[2026-06-19T23:56:21.768Z] GET https://maps.google.com/maps?q=Pinnacles%20Desert%20Nambung%20National%20Park&z=13&output=embed → 301 (462ms, ?B)
[2026-06-19T23:56:22.230Z] GET https://www.google.com/maps/embed?origin=mfe&pb=!1m3!2m1!1sPinnacles+Desert+Nambung+National+Park!6i13 → pending (?ms, ?B)
[2026-06-19T23:56:22.927Z] GET https://maps.gstatic.com/maps-api-v3/embed/js/65/5e/init_embed.js → pending (?ms, ?B)
[2026-06-19T23:56:22.927Z] GET https://maps.googleapis.com/maps/api/js?key=AIzaSyCmL18misQw9KdwqGaw3zHkitj8vG6QF2Y&paint_origin=&libraries=geometry,search&v=weekly&loading=async&language=en_US&experimentation=allowed&callback=onApiLoad → pending (?ms, ?B)
[2026-06-19T23:56:23.882Z] GET https://maps.googleapis.com/maps-api-v3/api/js/65/5e/geometry.js → pending (?ms, ?B)
[2026-06-19T23:56:23.882Z] GET https://maps.googleapis.com/maps-api-v3/api/js/65/5e/search.js → pending (?ms, ?B)
[2026-06-19T23:56:23.882Z] GET https://maps.googleapis.com/maps-api-v3/api/js/65/5e/main.js → pending (?ms, ?B)
[2026-06-19T23:56:27.500Z] GET https://maps.googleapis.com/maps/api/mapsjs/gen_204?csp_test=true → pending (?ms, ?B)
[2026-06-19T23:56:27.520Z] GET https://maps.googleapis.com/maps-api-v3/api/js/65/5e/common.js → pending (?ms, ?B)
[2026-06-19T23:56:27.520Z] GET https://maps.googleapis.com/maps-api-v3/api/js/65/5e/util.js → pending (?ms, ?B)
[2026-06-19T23:56:27.520Z] GET https://maps.googleapis.com/maps-api-v3/api/js/65/5e/map.js → pending (?ms, ?B)
[2026-06-19T23:56:27.520Z] GET https://maps.googleapis.com/maps-api-v3/api/js/65/5e/controls.js → pending (?ms, ?B)
[2026-06-19T23:56:27.520Z] GET https://maps.googleapis.com/maps-api-v3/api/js/65/5e/places_impl.js → pending (?ms, ?B)
[2026-06-19T23:56:27.520Z] GET https://maps.googleapis.com/maps-api-v3/api/js/65/5e/places.js → pending (?ms, ?B)
[2026-06-19T23:56:27.523Z] GET https://maps.googleapis.com/maps/api/js/StaticMapService.GetMapImage?1m2&1i1719202&2i1235808&2e1&3u13&4m2&1u438&2u200&5m6&1e0&5sen-US&6sus&10b1&12b1&14i47083502&8e1&key=AIzaSyCmL18misQw9KdwqGaw3zHkitj8vG6QF2Y&token=116550 → pending (?ms, ?B)
[2026-06-19T23:56:27.523Z] GET https://maps.googleapis.com/maps-api-v3/api/js/65/5e/onion.js → pending (?ms, ?B)
[2026-06-19T23:56:27.523Z] GET https://maps.googleapis.com/maps-api-v3/api/js/65/5e/search_impl.js → pending (?ms, ?B)
[2026-06-19T23:56:27.857Z] GET https://maps.gstatic.com/mapfiles/openhand_8_8.cur → 200 (143ms, 692B)
[2026-06-19T23:56:27.866Z] GET https://maps.googleapis.com/maps-api-v3/api/js/65/5e/log.js → 200 (79ms, 10317B)
[2026-06-19T23:56:27.949Z] POST https://maps.googleapis.com/$rpc/google.internal.maps.mapsjs.v1.MapsJsInternalService/GetViewportInfo → 200 (295ms, 1761B)
[2026-06-19T23:56:28.245Z] GET https://www.google.com/maps/vt?pb=!1m5!1m4!1i13!2i6716!3i4828!4i256!2m3!1e0!2sm!3i783548168!2m3!1e2!2sspotlit!5i1!3m13!2sen-US!3sUS!5e289!12m5!1e68!2m2!1sset!2sRoadmap!4e2!12m3!1e37!2m1!1ssmartmaps!4e0!5m1!1e3!23i47083502!27m14!299174093m13!14m12!1m8!1m2!1y3157628702085435989!2y2361140084070818328!2zL20vMDVqazgx!4m2!1x3989054546!2x1151581522!15sgcid%3Anational_reserve!2b0!6b0!8b0&key=AIzaSyCmL18misQw9KdwqGaw3zHkitj8vG6QF2Y&token=116112 → pending (?ms, ?B)
[2026-06-19T23:56:28.245Z] GET https://www.google.com/maps/vt?pb=!1m5!1m4!1i13!2i6715!3i4828!4i256!2m3!1e0!2sm!3i783548168!2m3!1e2!2sspotlit!5i1!3m13!2sen-US!3sUS!5e289!12m5!1e68!2m2!1sset!2sRoadmap!4e2!12m3!1e37!2m1!1ssmartmaps!4e0!5m1!1e3!23i47083502!27m14!299174093m13!14m12!1m8!1m2!1y3157628702085435989!2y2361140084070818328!2zL20vMDVqazgx!4m2!1x3989054546!2x1151581522!15sgcid%3Anational_reserve!2b0!6b0!8b0&key=AIzaSyCmL18misQw9KdwqGaw3zHkitj8vG6QF2Y&token=110503 → pending (?ms, ?B)
[2026-06-19T23:56:28.245Z] GET https://www.google.com/maps/vt?pb=!1m5!1m4!1i13!2i6715!3i4827!4i256!2m3!1e0!2sm!3i783548168!2m3!1e2!2sspotlit!5i1!3m13!2sen-US!3sUS!5e289!12m5!1e68!2m2!1sset!2sRoadmap!4e2!12m3!1e37!2m1!1ssmartmaps!4e0!5m1!1e3!23i47083502!27m14!299174093m13!14m12!1m8!1m2!1y3157628702085435989!2y2361140084070818328!2zL20vMDVqazgx!4m2!1x3989054546!2x1151581522!15sgcid%3Anational_reserve!2b0!6b0!8b0&key=AIzaSyCmL18misQw9KdwqGaw3zHkitj8vG6QF2Y&token=7357 → pending (?ms, ?B)
[2026-06-19T23:56:28.245Z] GET https://www.google.com/maps/vt?pb=!1m5!1m4!1i13!2i6716!3i4827!4i256!2m3!1e0!2sm!3i783548168!2m3!1e2!2sspotlit!5i1!3m13!2sen-US!3sUS!5e289!12m5!1e68!2m2!1sset!2sRoadmap!4e2!12m3!1e37!2m1!1ssmartmaps!4e0!5m1!1e3!23i47083502!27m14!299174093m13!14m12!1m8!1m2!1y3157628702085435989!2y2361140084070818328!2zL20vMDVqazgx!4m2!1x3989054546!2x1151581522!15sgcid%3Anational_reserve!2b0!6b0!8b0&key=AIzaSyCmL18misQw9KdwqGaw3zHkitj8vG6QF2Y&token=12966 → pending (?ms, ?B)
[2026-06-19T23:56:28.245Z] GET https://www.google.com/maps/vt?pb=!1m5!1m4!1i13!2i6717!3i4827!4i256!2m3!1e0!2sm!3i783547976!2m3!1e2!2sspotlit!5i1!3m13!2sen-US!3sUS!5e289!12m5!1e68!2m2!1sset!2sRoadmap!4e2!12m3!1e37!2m1!1ssmartmaps!4e0!5m1!1e3!23i47083502!27m14!299174093m13!14m12!1m8!1m2!1y3157628702085435989!2y2361140084070818328!2zL20vMDVqazgx!4m2!1x3989054546!2x1151581522!15sgcid%3Anational_reserve!2b0!6b0!8b0&key=AIzaSyCmL18misQw9KdwqGaw3zHkitj8vG6QF2Y&token=66677 → pending (?ms, ?B)
[2026-06-19T23:56:28.245Z] GET https://www.google.com/maps/vt?pb=!1m5!1m4!1i13!2i6717!3i4828!4i256!2m3!1e0!2sm!3i783547976!2m3!1e2!2sspotlit!5i1!3m13!2sen-US!3sUS!5e289!12m5!1e68!2m2!1sset!2sRoadmap!4e2!12m3!1e37!2m1!1ssmartmaps!4e0!5m1!1e3!23i47083502!27m14!299174093m13!14m12!1m8!1m2!1y3157628702085435989!2y2361140084070818328!2zL20vMDVqazgx!4m2!1x3989054546!2x1151581522!15sgcid%3Anational_reserve!2b0!6b0!8b0&key=AIzaSyCmL18misQw9KdwqGaw3zHkitj8vG6QF2Y&token=38752 → pending (?ms, ?B)
[2026-06-19T23:56:28.247Z] GET https://www.google.com/maps/vt?pb=!1m4!1m3!1i13!2i6715!3i4827!1m4!1m3!1i13!2i6715!3i4828!1m4!1m3!1i13!2i6716!3i4827!1m4!1m3!1i13!2i6717!3i4827!1m4!1m3!1i13!2i6716!3i4828!1m4!1m3!1i13!2i6717!3i4828!2m3!1e0!2sm!3i783548168!2m3!1e2!2sspotlit!5i1!3m13!2sen-US!3sUS!5e289!12m5!1e68!2m2!1sset!2sRoadmap!4e2!12m3!1e37!2m1!1ssmartmaps!4e3!12m2!5b1!6b1!27m14!299174093m13!14m12!1m8!1m2!1y3157628702085435989!2y2361140084070818328!2zL20vMDVqazgx!4m2!1x3989054546!2x1151581522!15sgcid%3Anational_reserve!2b0!6b0!8b0&key=AIzaSyCmL18misQw9KdwqGaw3zHkitj8vG6QF2Y&token=85544 → pending (?ms, ?B)
[2026-06-19T23:56:30.437Z] GET https://fonts.googleapis.com/css?family=Google+Sans+Text:400&text=%E2%86%90%E2%86%92%E2%86%91%E2%86%93&lang=en → 200 (135ms, 378B)
[2026-06-19T23:56:30.437Z] GET https://fonts.googleapis.com/css?family=Roboto:300,400,500,700|Google+Sans:400,500,700|Google+Sans+Text:400,500,700&lang=en → 200 (144ms, 3913B)
[2026-06-19T23:56:30.453Z] POST https://maps.googleapis.com/$rpc/google.internal.maps.mapsjs.v1.MapsJsInternalService/GetViewportInfo → 200 (150ms, 701B)
[2026-06-19T23:56:30.456Z] GET https://www.google.com/maps/vt?pb=!1m5!1m4!1i11!2i1679!3i1207!4i256!2m1!1e1!3m12!2sen-US!3sUS!5e289!12m3!1e37!2m1!1ssmartmaps!12m4!1e26!2m2!1sstyles!2zcy5lOmx8cC52Om9mZg!4e0!5m1!1e3!23i47083502&key=AIzaSyCmL18misQw9KdwqGaw3zHkitj8vG6QF2Y&token=49557 → pending (?ms, ?B)
[2026-06-19T23:56:30.456Z] GET https://www.google.com/maps/vt?pb=!1m5!1m4!1i11!2i1679!3i1206!4i256!2m1!1e1!3m12!2sen-US!3sUS!5e289!12m3!1e37!2m1!1ssmartmaps!12m4!1e26!2m2!1sstyles!2zcy5lOmx8cC52Om9mZg!4e0!5m1!1e3!23i47083502&key=AIzaSyCmL18misQw9KdwqGaw3zHkitj8vG6QF2Y&token=69072 → pending (?ms, ?B)
[2026-06-19T23:56:30.590Z] GET https://fonts.gstatic.com/s/roboto/v51/KFO7CnqEu92Fr1ME7kSn66aGLdTylUAMa3yUBHMdazQ.woff2 → pending (?ms, ?B)
[2026-06-19T23:56:30.590Z] GET https://fonts.gstatic.com/s/roboto/v51/KFO7CnqEu92Fr1ME7kSn66aGLdTylUAMa3yUBHMdazQ.woff2 → pending (?ms, ?B)
[2026-06-20T00:01:33.987Z] GET http://localhost:5174/ → 200 (4ms, 1258B)
[2026-06-20T00:01:34.005Z] GET http://localhost:5174/@vite/client → 200 (4ms, ?B)
[2026-06-20T00:01:34.005Z] GET https://fonts.googleapis.com/css2?family=Noto+Serif+KR:wght@300;400;500;600;700&display=swap → 200 (?ms, -743B)
[2026-06-20T00:01:34.008Z] GET https://cdn.jsdelivr.net/gh/orioncactus/pretendard@v1.3.9/dist/web/variable/pretendardvariable.min.css → 200 (?ms, -1127B)
[2026-06-20T00:01:34.008Z] GET https://maps.googleapis.com/maps/api/js?key=AIzaSyCpxQouLfUctGTK_oamhLQydsi71aH3sNg&libraries=places → pending (?ms, ?B)
[2026-06-20T00:01:34.008Z] GET http://localhost:5174/src/main.jsx → 200 (2ms, ?B)
[2026-06-20T00:01:34.009Z] GET http://localhost:5174/@react-refresh → 200 (2ms, ?B)
[2026-06-20T00:01:34.009Z] GET http://localhost:5174/node_modules/vite/dist/client/env.mjs → 200 (4ms, ?B)
[2026-06-20T00:01:34.010Z] GET http://localhost:5174/node_modules/.vite/deps/react_jsx-dev-runtime.js?v=5c65b222 → 200 (?ms, -310B)
[2026-06-20T00:01:34.010Z] GET http://localhost:5174/node_modules/.vite/deps/react.js?v=5c65b222 → 200 (?ms, -306B)
[2026-06-20T00:01:34.010Z] GET http://localhost:5174/node_modules/.vite/deps/react-dom_client.js?v=1137c228 → 200 (?ms, -308B)
[2026-06-20T00:01:34.010Z] GET http://localhost:5174/src/App.jsx → 200 (4ms, ?B)
[2026-06-20T00:01:34.010Z] GET http://localhost:5174/src/App.css → 200 (3ms, ?B)
[2026-06-20T00:01:34.011Z] GET http://localhost:5174/node_modules/.vite/deps/chunk-REFQX4J5.js?v=8249eec1 → 200 (?ms, -311B)
[2026-06-20T00:01:34.011Z] GET http://localhost:5174/node_modules/.vite/deps/chunk-373CG7ZK.js?v=8249eec1 → 200 (?ms, -312B)
[2026-06-20T00:01:34.028Z] GET https://fonts.gstatic.com/s/notoserifkr/v31/3Jn7SDn90Gmq2mr3blnHaTZXduVp0uNzcmdRk6NBSYsXpcC_HIoOgGv0PTY.110.woff2 → 200 (1ms, -815B)
[2026-06-20T00:01:34.029Z] GET https://fonts.gstatic.com/s/notoserifkr/v31/3Jn7SDn90Gmq2mr3blnHaTZXduVp0uNzcmdRk6NBSYsXpcC_HIoOgGv0PTY.112.woff2 → 200 (?ms, -815B)
[2026-06-20T00:01:34.029Z] GET https://fonts.gstatic.com/s/notoserifkr/v31/3Jn7SDn90Gmq2mr3blnHaTZXduVp0uNzcmdRk6NBSYsXpcC_HIoOgGv0PTY.114.woff2 → 200 (2ms, -815B)
[2026-06-20T00:01:34.031Z] GET https://fonts.gstatic.com/s/notoserifkr/v31/3Jn7SDn90Gmq2mr3blnHaTZXduVp0uNzcmdRk6NBSYsXpcC_HIoOgGv0PTY.115.woff2 → 200 (?ms, -815B)
[2026-06-20T00:01:34.031Z] GET https://fonts.gstatic.com/s/notoserifkr/v31/3Jn7SDn90Gmq2mr3blnHaTZXduVp0uNzcmdRk6NBSYsXpcC_HIoOgGv0PTY.116.woff2 → 200 (?ms, -815B)
[2026-06-20T00:01:34.031Z] GET https://fonts.gstatic.com/s/notoserifkr/v31/3Jn7SDn90Gmq2mr3blnHaTZXduVp0uNzcmdRk6NBSYsXpcC_HIoOgGv0PTY.117.woff2 → 200 (?ms, -815B)
[2026-06-20T00:01:34.031Z] GET https://fonts.gstatic.com/s/notoserifkr/v31/3Jn7SDn90Gmq2mr3blnHaTZXduVp0uNzcmdRk6NBSYsXpcC_HIoOgGv0PTY.118.woff2 → 200 (1ms, -815B)
[2026-06-20T00:01:34.032Z] GET https://fonts.gstatic.com/s/notoserifkr/v31/3Jn7SDn90Gmq2mr3blnHaTZXduVp0uNzcmdRk6NBSYsXpcC_HIoOgGv0PTY.119.woff2 → 200 (?ms, -815B)
[2026-06-20T00:01:34.032Z] GET https://fonts.gstatic.com/s/notoserifkr/v31/3Jn7SDn90Gmq2mr3blnHaTZXRudj1cFxOHU.woff2 → 200 (?ms, -815B)
[2026-06-20T00:01:34.032Z] GET https://cdn.jsdelivr.net/gh/orioncactus/pretendard@v1.3.9/packages/pretendard/dist/web/variable/woff2/PretendardVariable.woff2 → 200 (?ms, -1110B)
[2026-06-20T00:01:36.193Z] GET https://maps.googleapis.com/maps/api/mapsjs/gen_204?csp_test=true → 200 (305ms, 45B)
[2026-06-20T00:01:52.161Z] GET http://localhost:5174/src/App.jsx?t=1781913712157 → 200 (73ms, 156778B)
[2026-06-20T00:02:04.371Z] GET http://localhost:5174/src/App.jsx?t=1781913724370 → 200 (47ms, 163132B)
[2026-06-20T00:02:13.553Z] GET http://localhost:5174/src/App.jsx?t=1781913733551 → 200 (38ms, 163188B)
[2026-06-20T00:02:20.922Z] GET http://localhost:5174/src/App.jsx?t=1781913740921 → pending (?ms, ?B)
[2026-06-20T00:02:28.592Z] GET http://localhost:5174/src/App.jsx?t=1781913748591 → 200 (40ms, 162888B)
[2026-06-20T00:02:36.359Z] GET http://localhost:5174/src/App.jsx?t=1781913756358 → 200 (42ms, 162965B)
[2026-06-20T00:02:36.420Z] GET https://maps.googleapis.com/maps/api/js/AuthenticationService.Authenticate?1shttp%3A%2F%2Flocalhost%3A5174%2F&4sAIzaSyCpxQouLfUctGTK_oamhLQydsi71aH3sNg&8b0&callback=_xdc_._hhdfog&key=AIzaSyCpxQouLfUctGTK_oamhLQydsi71aH3sNg&token=51131 → pending (?ms, ?B)
[2026-06-20T00:02:38.613Z] GET https://maps.googleapis.com/maps/api/place/js/PlaceService.FindPlaceFromText?1sPinnacles%20Desert%20Nambung%20National%20Park&2e2&3m0&5m2&3m1&1sphotos&6m2&1sen-US&2e1&r_url=http%3A%2F%2Flocalhost%3A5174%2F&callback=_xdc_._m4zfrm&key=AIzaSyCpxQouLfUctGTK_oamhLQydsi71aH3sNg&token=38966 → pending (?ms, ?B)
[2026-06-20T00:02:38.987Z] GET https://maps.googleapis.com/maps/api/place/js/PhotoService.GetPhoto?1sAaVGc3mMHblGpvFjcWLD-bNcw6J8nFoe5X3BCyt0Lci4Ys85h6wSMWwNxwVWUUYNMDAOsz04LeIZ3J5SwSQH3C-OY4s-HQp-XMoUeBVCMILN33nCWCdkwwF5n0PfaXCUuq1U4e6FZ5NADWKTV3ndJHkwvBZqpoYzQXU8Kevp2SJTAR3H2n-P7Pk6aOKEe8shF9MFqVonewcImWBe5dOT5iQwzcbV6Lzafbj9MtkZlO_foO8C8TGEyWXD5aAUR7-md-fUtJO6KtvjXtaR3qzw7BT_3taxU0Ioy972-ACAvekpu0HDDNl83gP-w_5PZLz_kzWaQJO_-DZwhdrFzgM5U7Wq6toR76lD_HkHyX6064ODgiVkRzF-br7dZAYQwfQJKjjBjqKXCVMMsiPS4bbhG2fb7zZUEx-eHhjvWooIppBfl-g&3u900&5m1&2e1&callback=none&r_url=http%3A%2F%2Flocalhost%3A5174%2F&key=AIzaSyCpxQouLfUctGTK_oamhLQydsi71aH3sNg&token=43539 → 302 (208ms, 403B)
[2026-06-20T00:02:39.195Z] GET https://lh3.googleusercontent.com/place-photos/AJRVUZNAiWcK8VZpHrUaYtjBcg8fPessckmADXJJLIUuwy3lrXDTHfB3n_guVfM70GqwuxR1ZFNuFDAfCkZN96ByfE1xFdqltNwrc3CrwZCGCE91uHgFxbyXzq4AvhmKejGKOiGmRjPwlYVg4r1A=s1600-w900 → pending (?ms, ?B)
[2026-06-20T00:02:49.894Z] GET http://localhost:5174/ → pending (?ms, ?B)
[2026-06-20T00:02:50.897Z] GET http://localhost:5174/ → 204 (9ms, ?B)
[2026-06-20T00:02:50.907Z] GET http://localhost:5174/ → 200 (14ms, 1258B)
[2026-06-20T00:02:50.927Z] GET http://localhost:5174/@vite/client → 200 (36ms, 137723B)
[2026-06-20T00:02:50.927Z] GET https://fonts.googleapis.com/css2?family=Noto+Serif+KR:wght@300;400;500;600;700&display=swap → 200 (?ms, -743B)
[2026-06-20T00:02:50.927Z] GET https://cdn.jsdelivr.net/gh/orioncactus/pretendard@v1.3.9/dist/web/variable/pretendardvariable.min.css → 200 (?ms, -1127B)
[2026-06-20T00:02:50.927Z] GET https://maps.googleapis.com/maps/api/js?key=AIzaSyCpxQouLfUctGTK_oamhLQydsi71aH3sNg&libraries=places → 200 (?ms, -558B)
[2026-06-20T00:02:50.927Z] GET http://localhost:5174/src/main.jsx → pending (?ms, ?B)
[2026-06-20T00:02:50.928Z] GET http://localhost:5174/@react-refresh → 200 (35ms, ?B)
[2026-06-20T00:02:50.949Z] GET https://maps.googleapis.com/maps/api/mapsjs/gen_204?csp_test=true → pending (?ms, ?B)
[2026-06-20T00:02:50.950Z] GET https://fonts.gstatic.com/s/notoserifkr/v31/3Jn7SDn90Gmq2mr3blnHaTZXduVp0uNzcmdRk6NBSYsXpcC_HIoOgGv0PTY.110.woff2 → 200 (?ms, -815B)
[2026-06-20T00:02:50.950Z] GET https://fonts.gstatic.com/s/notoserifkr/v31/3Jn7SDn90Gmq2mr3blnHaTZXduVp0uNzcmdRk6NBSYsXpcC_HIoOgGv0PTY.112.woff2 → 200 (?ms, -815B)
[2026-06-20T00:02:50.951Z] GET https://fonts.gstatic.com/s/notoserifkr/v31/3Jn7SDn90Gmq2mr3blnHaTZXduVp0uNzcmdRk6NBSYsXpcC_HIoOgGv0PTY.114.woff2 → 200 (?ms, -815B)
[2026-06-20T00:02:50.951Z] GET https://fonts.gstatic.com/s/notoserifkr/v31/3Jn7SDn90Gmq2mr3blnHaTZXduVp0uNzcmdRk6NBSYsXpcC_HIoOgGv0PTY.115.woff2 → 200 (?ms, -815B)
[2026-06-20T00:02:50.952Z] GET https://fonts.gstatic.com/s/notoserifkr/v31/3Jn7SDn90Gmq2mr3blnHaTZXduVp0uNzcmdRk6NBSYsXpcC_HIoOgGv0PTY.116.woff2 → 200 (?ms, -815B)
[2026-06-20T00:02:50.952Z] GET https://fonts.gstatic.com/s/notoserifkr/v31/3Jn7SDn90Gmq2mr3blnHaTZXduVp0uNzcmdRk6NBSYsXpcC_HIoOgGv0PTY.117.woff2 → 200 (?ms, -815B)
[2026-06-20T00:02:50.962Z] GET https://fonts.gstatic.com/s/notoserifkr/v31/3Jn7SDn90Gmq2mr3blnHaTZXduVp0uNzcmdRk6NBSYsXpcC_HIoOgGv0PTY.118.woff2 → 200 (?ms, -815B)
[2026-06-20T00:02:50.962Z] GET https://fonts.gstatic.com/s/notoserifkr/v31/3Jn7SDn90Gmq2mr3blnHaTZXduVp0uNzcmdRk6NBSYsXpcC_HIoOgGv0PTY.119.woff2 → 200 (?ms, -815B)
[2026-06-20T00:02:50.963Z] GET https://fonts.gstatic.com/s/notoserifkr/v31/3Jn7SDn90Gmq2mr3blnHaTZXRudj1cFxOHU.woff2 → 200 (?ms, -815B)
[2026-06-20T00:02:50.963Z] GET https://cdn.jsdelivr.net/gh/orioncactus/pretendard@v1.3.9/packages/pretendard/dist/web/variable/woff2/PretendardVariable.woff2 → 200 (?ms, -1110B)
[2026-06-20T00:02:50.963Z] GET http://localhost:5174/node_modules/vite/dist/client/env.mjs → pending (?ms, ?B)
[2026-06-20T00:02:51.136Z] GET http://localhost:5174/node_modules/.vite/deps/react_jsx-dev-runtime.js?v=bbdc9f68 → 200 (67ms, 36963B)
[2026-06-20T00:02:51.136Z] GET http://localhost:5174/node_modules/.vite/deps/react.js?v=bbdc9f68 → 200 (63ms, 155B)
[2026-06-20T00:02:51.136Z] GET http://localhost:5174/node_modules/.vite/deps/react-dom_client.js?v=bbdc9f68 → 200 (64ms, 1054B)
[2026-06-20T00:02:51.136Z] GET http://localhost:5174/src/App.jsx → 200 (106ms, 162965B)
[2026-06-20T00:02:51.136Z] GET http://localhost:5174/src/App.css → 200 (67ms, ?B)
[2026-06-20T00:02:51.200Z] GET http://localhost:5174/node_modules/.vite/deps/chunk-REFQX4J5.js?v=bbdc9f68 → 200 (8ms, 77956B)
[2026-06-20T00:02:51.200Z] GET http://localhost:5174/node_modules/.vite/deps/chunk-373CG7ZK.js?v=bbdc9f68 → 200 (33ms, 928023B)
[2026-06-20T00:02:51.282Z] GET https://maps.googleapis.com/maps/api/js/AuthenticationService.Authenticate?1shttp%3A%2F%2Flocalhost%3A5174%2F&4sAIzaSyCpxQouLfUctGTK_oamhLQydsi71aH3sNg&8b0&callback=_xdc_._hhdfog&key=AIzaSyCpxQouLfUctGTK_oamhLQydsi71aH3sNg&token=51131 → 200 (189ms, 87B)
[2026-06-20T00:02:51.472Z] GET https://maps.googleapis.com/maps/api/place/js/PlaceService.FindPlaceFromText?1sPinnacles%20Desert%20Nambung%20National%20Park&2e2&3m0&5m2&3m1&1sphotos&6m2&1sen-US&2e1&r_url=http%3A%2F%2Flocalhost%3A5174%2F&callback=_xdc_._m4zfrm&key=AIzaSyCpxQouLfUctGTK_oamhLQydsi71aH3sNg&token=38966 → 200 (?ms, -832B)
[2026-06-20T00:02:51.474Z] GET https://maps.googleapis.com/maps/api/place/js/PhotoService.GetPhoto?1sAaVGc3mMHblGpvFjcWLD-bNcw6J8nFoe5X3BCyt0Lci4Ys85h6wSMWwNxwVWUUYNMDAOsz04LeIZ3J5SwSQH3C-OY4s-HQp-XMoUeBVCMILN33nCWCdkwwF5n0PfaXCUuq1U4e6FZ5NADWKTV3ndJHkwvBZqpoYzQXU8Kevp2SJTAR3H2n-P7Pk6aOKEe8shF9MFqVonewcImWBe5dOT5iQwzcbV6Lzafbj9MtkZlO_foO8C8TGEyWXD5aAUR7-md-fUtJO6KtvjXtaR3qzw7BT_3taxU0Ioy972-ACAvekpu0HDDNl83gP-w_5PZLz_kzWaQJO_-DZwhdrFzgM5U7Wq6toR76lD_HkHyX6064ODgiVkRzF-br7dZAYQwfQJKjjBjqKXCVMMsiPS4bbhG2fb7zZUEx-eHhjvWooIppBfl-g&3u900&5m1&2e1&callback=none&r_url=http%3A%2F%2Flocalhost%3A5174%2F&key=AIzaSyCpxQouLfUctGTK_oamhLQydsi71aH3sNg&token=43539 → 302 (173ms, 403B)
[2026-06-20T00:02:51.647Z] GET https://lh3.googleusercontent.com/place-photos/AJRVUZNAiWcK8VZpHrUaYtjBcg8fPessckmADXJJLIUuwy3lrXDTHfB3n_guVfM70GqwuxR1ZFNuFDAfCkZN96ByfE1xFdqltNwrc3CrwZCGCE91uHgFxbyXzq4AvhmKejGKOiGmRjPwlYVg4r1A=s1600-w900 → 200 (?ms, -503B)
[2026-06-20T00:03:01.682Z] GET http://localhost:5174/ → 200 (3ms, ?B)
[2026-06-20T00:03:01.689Z] GET http://localhost:5174/@vite/client → 304 (11ms, ?B)
[2026-06-20T00:03:01.689Z] GET https://fonts.googleapis.com/css2?family=Noto+Serif+KR:wght@300;400;500;600;700&display=swap → 200 (?ms, -743B)
[2026-06-20T00:03:01.689Z] GET https://cdn.jsdelivr.net/gh/orioncactus/pretendard@v1.3.9/dist/web/variable/pretendardvariable.min.css → 200 (2ms, -1127B)
[2026-06-20T00:03:01.691Z] GET https://maps.googleapis.com/maps/api/js?key=AIzaSyCpxQouLfUctGTK_oamhLQydsi71aH3sNg&libraries=places → 200 (?ms, -558B)
[2026-06-20T00:03:01.691Z] GET http://localhost:5174/src/main.jsx → 304 (9ms, ?B)
[2026-06-20T00:03:01.692Z] GET http://localhost:5174/@react-refresh → 304 (8ms, ?B)
[2026-06-20T00:03:01.699Z] GET https://maps.googleapis.com/maps/api/mapsjs/gen_204?csp_test=true → 200 (159ms, 45B)
[2026-06-20T00:03:01.700Z] GET http://localhost:5174/node_modules/vite/dist/client/env.mjs → 304 (2ms, ?B)
[2026-06-20T00:03:01.701Z] GET http://localhost:5174/node_modules/.vite/deps/react_jsx-dev-runtime.js?v=bbdc9f68 → 200 (?ms, -310B)
[2026-06-20T00:03:01.701Z] GET http://localhost:5174/node_modules/.vite/deps/react.js?v=bbdc9f68 → 200 (?ms, -306B)
[2026-06-20T00:03:01.701Z] GET http://localhost:5174/node_modules/.vite/deps/react-dom_client.js?v=bbdc9f68 → 200 (?ms, -308B)
[2026-06-20T00:03:01.702Z] GET http://localhost:5174/src/App.jsx → 304 (1ms, ?B)
[2026-06-20T00:03:01.702Z] GET http://localhost:5174/src/App.css → 304 (1ms, ?B)
[2026-06-20T00:03:01.702Z] GET http://localhost:5174/node_modules/.vite/deps/chunk-REFQX4J5.js?v=bbdc9f68 → 200 (?ms, -311B)
[2026-06-20T00:03:01.702Z] GET http://localhost:5174/node_modules/.vite/deps/chunk-373CG7ZK.js?v=bbdc9f68 → 200 (?ms, -312B)
[2026-06-20T00:03:01.705Z] GET https://fonts.gstatic.com/s/notoserifkr/v31/3Jn7SDn90Gmq2mr3blnHaTZXduVp0uNzcmdRk6NBSYsXpcC_HIoOgGv0PTY.110.woff2 → 200 (?ms, -815B)
[2026-06-20T00:03:01.706Z] GET https://fonts.gstatic.com/s/notoserifkr/v31/3Jn7SDn90Gmq2mr3blnHaTZXduVp0uNzcmdRk6NBSYsXpcC_HIoOgGv0PTY.112.woff2 → 200 (?ms, -815B)
[2026-06-20T00:03:01.706Z] GET https://fonts.gstatic.com/s/notoserifkr/v31/3Jn7SDn90Gmq2mr3blnHaTZXduVp0uNzcmdRk6NBSYsXpcC_HIoOgGv0PTY.114.woff2 → 200 (?ms, -815B)
[2026-06-20T00:03:01.706Z] GET https://fonts.gstatic.com/s/notoserifkr/v31/3Jn7SDn90Gmq2mr3blnHaTZXduVp0uNzcmdRk6NBSYsXpcC_HIoOgGv0PTY.115.woff2 → 200 (?ms, -815B)
[2026-06-20T00:03:01.706Z] GET https://fonts.gstatic.com/s/notoserifkr/v31/3Jn7SDn90Gmq2mr3blnHaTZXduVp0uNzcmdRk6NBSYsXpcC_HIoOgGv0PTY.116.woff2 → 200 (?ms, -815B)
[2026-06-20T00:03:01.706Z] GET https://fonts.gstatic.com/s/notoserifkr/v31/3Jn7SDn90Gmq2mr3blnHaTZXduVp0uNzcmdRk6NBSYsXpcC_HIoOgGv0PTY.117.woff2 → 200 (?ms, -815B)
[2026-06-20T00:03:01.706Z] GET https://fonts.gstatic.com/s/notoserifkr/v31/3Jn7SDn90Gmq2mr3blnHaTZXduVp0uNzcmdRk6NBSYsXpcC_HIoOgGv0PTY.118.woff2 → 200 (?ms, -815B)
[2026-06-20T00:03:01.707Z] GET https://fonts.gstatic.com/s/notoserifkr/v31/3Jn7SDn90Gmq2mr3blnHaTZXduVp0uNzcmdRk6NBSYsXpcC_HIoOgGv0PTY.119.woff2 → 200 (?ms, -815B)
[2026-06-20T00:03:01.707Z] GET https://fonts.gstatic.com/s/notoserifkr/v31/3Jn7SDn90Gmq2mr3blnHaTZXRudj1cFxOHU.woff2 → 200 (?ms, -815B)
[2026-06-20T00:03:01.707Z] GET https://cdn.jsdelivr.net/gh/orioncactus/pretendard@v1.3.9/packages/pretendard/dist/web/variable/woff2/PretendardVariable.woff2 → 200 (?ms, -1110B)
[2026-06-20T00:03:01.709Z] GET https://maps.googleapis.com/maps/api/js/AuthenticationService.Authenticate?1shttp%3A%2F%2Flocalhost%3A5174%2F&4sAIzaSyCpxQouLfUctGTK_oamhLQydsi71aH3sNg&8b0&callback=_xdc_._hhdfog&key=AIzaSyCpxQouLfUctGTK_oamhLQydsi71aH3sNg&token=51131 → 200 (199ms, 87B)
[2026-06-20T00:03:01.908Z] GET https://maps.googleapis.com/maps/api/place/js/PlaceService.FindPlaceFromText?1sPinnacles%20Desert%20Nambung%20National%20Park&2e2&3m0&5m2&3m1&1sphotos&6m2&1sen-US&2e1&r_url=http%3A%2F%2Flocalhost%3A5174%2F&callback=_xdc_._m4zfrm&key=AIzaSyCpxQouLfUctGTK_oamhLQydsi71aH3sNg&token=38966 → 200 (?ms, -832B)
[2026-06-20T00:03:01.909Z] GET https://maps.googleapis.com/maps/api/place/js/PhotoService.GetPhoto?1sAaVGc3mMHblGpvFjcWLD-bNcw6J8nFoe5X3BCyt0Lci4Ys85h6wSMWwNxwVWUUYNMDAOsz04LeIZ3J5SwSQH3C-OY4s-HQp-XMoUeBVCMILN33nCWCdkwwF5n0PfaXCUuq1U4e6FZ5NADWKTV3ndJHkwvBZqpoYzQXU8Kevp2SJTAR3H2n-P7Pk6aOKEe8shF9MFqVonewcImWBe5dOT5iQwzcbV6Lzafbj9MtkZlO_foO8C8TGEyWXD5aAUR7-md-fUtJO6KtvjXtaR3qzw7BT_3taxU0Ioy972-ACAvekpu0HDDNl83gP-w_5PZLz_kzWaQJO_-DZwhdrFzgM5U7Wq6toR76lD_HkHyX6064ODgiVkRzF-br7dZAYQwfQJKjjBjqKXCVMMsiPS4bbhG2fb7zZUEx-eHhjvWooIppBfl-g&3u900&5m1&2e1&callback=none&r_url=http%3A%2F%2Flocalhost%3A5174%2F&key=AIzaSyCpxQouLfUctGTK_oamhLQydsi71aH3sNg&token=43539 → pending (?ms, ?B)
[2026-06-20T00:03:02.056Z] GET https://lh3.googleusercontent.com/place-photos/AJRVUZNAiWcK8VZpHrUaYtjBcg8fPessckmADXJJLIUuwy3lrXDTHfB3n_guVfM70GqwuxR1ZFNuFDAfCkZN96ByfE1xFdqltNwrc3CrwZCGCE91uHgFxbyXzq4AvhmKejGKOiGmRjPwlYVg4r1A=s1600-w900 → 200 (?ms, -503B)
[2026-06-20T00:03:34.820Z] GET https://maps.googleapis.com/maps/api/place/js/PhotoService.GetPhoto?1sAaVGc3np2aENmYAY1PW5qaQUBEexeXOR2n13DZnuy9H6xateDucRGnsUyQRYMTQfew1WYcEut7vsRmDrWSJIgs59QoHzL0UhyJckegZW1TwuYZhrH-zSLLmaHlla9sdoTlhmCwQQb8ejV4Fn7f6fkf8mR2SIEh9UKx7hQPwaW0XE3u7cPaEidBW4vuJOPGnWB2bEZzLlR48Q5jpbTXR-Hz0a53o7YidZ2nlsdawgghZj6n00BLRi2NgrUdswJLc1isplAWtpnqLl7wz0kANXRjgRkZJjcj0fG4S1Uy7eRBHHAxsFiUI67vvh19ELH7Urhdncqvk7dUURw4BbbqAFN7TjuAezxXk_k6M4bWX8vGCBI1RNHmGhA8wbHvjmxRQHbZCz880vb0gk-v6rg_RwyVjaVO6Nc1xNQh6Nd96Zpu9FcE8IaUC6FoHdn33dkHje6uc0&3u900&5m1&2e1&callback=none&r_url=http%3A%2F%2Flocalhost%3A5174%2F&key=AIzaSyCpxQouLfUctGTK_oamhLQydsi71aH3sNg&token=38707 → pending (?ms, ?B)
[2026-06-20T00:03:34.820Z] GET https://maps.googleapis.com/maps/api/place/js/PhotoService.GetPhoto?1sAaVGc3m1btkpljAORG7zO9jTLhRBwrMZ1TTMpzjdCpD-VDP1uf4hVksYwKBPpj5699GGb9AhNxhvAfpPEWv6PP8KYA1c7XhBEUCo9m6Ks2GxerrwyhWTFzyR7M_BHvoWba8J0dk1Jps2E6Amie3O2iOZYz0Wrv1RebqoIgKEKdZKgxWRTo5lsAPw7rrAeozBYnolui29Ohc_iiTPRP6blH6SM2pXV8e6E54mUb5b7z88aI8S5m7KX99hs-ywQ3-skeJwDwy_BObuiPrzxZxYwUncbfzJXn3M2fY7Sr_Id9Cf7rUglRY9B3qy1-IOyfCrzx4nPqx-Yn1HAdgYjQbFrwdR10LSF5a4J-vRYqqaVE_gmtzzo4gQUCCpLielPflac2Nc2zqmYKohiSlfRtVo-ZavdzYYfUd-4DFOvwLGEHztxrxuYrQUoKvLlwQhrnfBPVad&3u900&5m1&2e1&callback=none&r_url=http%3A%2F%2Flocalhost%3A5174%2F&key=AIzaSyCpxQouLfUctGTK_oamhLQydsi71aH3sNg&token=63267 → pending (?ms, ?B)
[2026-06-20T00:03:34.842Z] GET https://maps.google.com/maps?q=Pinnacles%20Desert%20Nambung%20National%20Park&z=13&output=embed&key=AIzaSyCpxQouLfUctGTK_oamhLQydsi71aH3sNg → pending (?ms, ?B)
[2026-06-20T00:03:35.054Z] GET https://lh3.googleusercontent.com/place-photos/AJRVUZMOenkDQ300gqxG_BvoMQwOwdxtYeo-acgu5ywlltNovVvapOgEIy_TAkwN-6ZGBd7SBeGa6v4qbHTmvsUOBd1uZx_hKUsdorSqJAvfWw8ixqGsm0XNSJfI7Y32o4IY8Yi8GhNqbqQ0laLfnsrvuQfHiw=s1600-w900 → 200 (198ms, 115202B)
[2026-06-20T00:03:35.066Z] GET https://lh3.googleusercontent.com/place-photos/AJRVUZMwjQh6GCH_SxX1p2KndywuXjmlyv7xJw8UxONQL4tTmck_q-DPVUsj_E0ktLUDI6yKSj22qT5xXITY3XSF_Ba_wxELcuajfe-h3FAkLucckR8yKQgvJxA-jzGwjV0DP5UdvLEjVkMVKXaUVSIp5McXDA=s1600-w900 → 200 (183ms, 68627B)
[2026-06-20T00:03:35.149Z] GET https://www.google.com/maps/embed?origin=mfe&pb=!1m3!2m1!1sPinnacles+Desert+Nambung+National+Park!6i13 → 200 (455ms, 1276B)
[2026-06-20T00:03:35.607Z] GET https://maps.gstatic.com/maps-api-v3/embed/js/65/5e/init_embed.js → 200 (6ms, -841B)
[2026-06-20T00:03:35.607Z] GET https://maps.googleapis.com/maps/api/js?key=AIzaSyCmL18misQw9KdwqGaw3zHkitj8vG6QF2Y&paint_origin=&libraries=geometry,search&v=weekly&loading=async&language=en_US&experimentation=allowed&callback=onApiLoad → 200 (1ms, -539B)
[2026-06-20T00:03:35.609Z] GET https://maps.googleapis.com/maps-api-v3/api/js/65/5e/geometry.js → 200 (1ms, -840B)
[2026-06-20T00:03:35.609Z] GET https://maps.googleapis.com/maps-api-v3/api/js/65/5e/search.js → 200 (1ms, -840B)
[2026-06-20T00:03:35.609Z] GET https://maps.googleapis.com/maps-api-v3/api/js/65/5e/main.js → 200 (8ms, -841B)
[2026-06-20T00:03:35.626Z] GET https://maps.googleapis.com/maps/api/mapsjs/gen_204?csp_test=true → 200 (313ms, 46B)
[2026-06-20T00:03:35.626Z] GET https://maps.googleapis.com/maps-api-v3/api/js/65/5e/common.js → 200 (4ms, -841B)
[2026-06-20T00:03:35.626Z] GET https://maps.googleapis.com/maps-api-v3/api/js/65/5e/util.js → 200 (9ms, -841B)
[2026-06-20T00:03:35.626Z] GET https://maps.googleapis.com/maps-api-v3/api/js/65/5e/log.js → 200 (2ms, -841B)
[2026-06-20T00:03:35.654Z] GET https://maps.googleapis.com/maps-api-v3/api/js/65/5e/map.js → 200 (4ms, -841B)
[2026-06-20T00:03:35.655Z] GET https://maps.googleapis.com/maps-api-v3/api/js/65/5e/controls.js → 200 (4ms, -841B)
[2026-06-20T00:03:35.655Z] GET https://maps.googleapis.com/maps-api-v3/api/js/65/5e/places_impl.js → 200 (4ms, -840B)
[2026-06-20T00:03:35.658Z] GET https://maps.googleapis.com/maps-api-v3/api/js/65/5e/places.js → 200 (2ms, -841B)
[2026-06-20T00:03:35.658Z] GET https://maps.googleapis.com/maps/api/js/StaticMapService.GetMapImage?1m2&1i1719202&2i1235808&2e1&3u13&4m2&1u438&2u200&5m6&1e0&5sen-US&6sus&10b1&12b1&14i47083502&8e1&key=AIzaSyCmL18misQw9KdwqGaw3zHkitj8vG6QF2Y&token=116550 → 200 (1ms, -756B)
[2026-06-20T00:03:35.659Z] GET https://maps.googleapis.com/maps-api-v3/api/js/65/5e/onion.js → 200 (1ms, -841B)
[2026-06-20T00:03:35.659Z] GET https://maps.googleapis.com/maps-api-v3/api/js/65/5e/search_impl.js → 200 (1ms, -840B)
[2026-06-20T00:03:36.143Z] POST https://maps.googleapis.com/maps_api_js_slo/log?hasfast=true → 200 (172ms, 132B)
[2026-06-20T00:03:37.143Z] POST https://maps.googleapis.com/maps_api_js_slo/log?hasfast=true → 200 (149ms, 132B)
[2026-06-20T00:03:41.128Z] POST https://maps.googleapis.com/maps_api_js_slo/log?hasfast=true → 200 (171ms, 132B)
[2026-06-20T00:04:06.152Z] POST https://maps.googleapis.com/maps_api_js_slo/log?hasfast=true → 200 (142ms, 132B)
[2026-06-20T00:04:58.573Z] GET http://localhost:5174/src/App.jsx?t=1781913898557 → 200 (79ms, 167200B)
[2026-06-20T00:04:58.672Z] GET https://maps.googleapis.com/maps/api/place/js/PlaceService.FindPlaceFromText?1sPinnacles%20Desert%20Nambung%20National%20Park&2e2&3m0&5m2&3m1&1splace_id&6m2&1sen-US&2e1&r_url=http%3A%2F%2Flocalhost%3A5174%2F&callback=_xdc_._2z3mku&key=AIzaSyCpxQouLfUctGTK_oamhLQydsi71aH3sNg&token=7854 → pending (?ms, ?B)
[2026-06-20T00:04:58.679Z] GET https://maps.gstatic.com/mapfiles/openhand_8_8.cur → 200 (5ms, -788B)
[2026-06-20T00:04:58.687Z] POST https://maps.googleapis.com/$rpc/google.internal.maps.mapsjs.v1.MapsJsInternalService/GetViewportInfo → pending (?ms, ?B)
[2026-06-20T00:04:59.185Z] POST https://maps.googleapis.com/maps_api_js_slo/log?hasfast=true → pending (?ms, ?B)
[2026-06-20T00:05:00.170Z] GET https://maps.googleapis.com/maps/api/place/js/PlaceService.GetPlaceDetails?2sen-US&10e3&14m1&1sChIJVVJhIJMm0isRGCL6h2V0xCA&16m1&1sphotos%2Creviews%2Crating%2Cuser_ratings_total&17m1&2e1&r_url=http%3A%2F%2Flocalhost%3A5174%2F&callback=_xdc_._zhbr6d&key=AIzaSyCpxQouLfUctGTK_oamhLQydsi71aH3sNg&token=100377 → 200 (453ms, 6094B)
[2026-06-20T00:05:00.630Z] GET https://www.google.com/maps/vt?pb=!1m5!1m4!1i13!2i6716!3i4828!4i256!2m3!1e0!2sm!3i783548168!2m3!1e2!2sspotlit!5i1!3m13!2sen-US!3sUS!5e289!12m5!1e68!2m2!1sset!2sRoadmap!4e2!12m3!1e37!2m1!1ssmartmaps!4e0!5m1!1e3!23i47083502!27m14!299174093m13!14m12!1m8!1m2!1y3157628702085435989!2y2361140084070818328!2zL20vMDVqazgx!4m2!1x3989054546!2x1151581522!15sgcid%3Anational_reserve!2b0!6b0!8b0&key=AIzaSyCmL18misQw9KdwqGaw3zHkitj8vG6QF2Y&token=116112 → 200 (3ms, -1025B)
[2026-06-20T00:05:00.630Z] GET https://www.google.com/maps/vt?pb=!1m5!1m4!1i13!2i6715!3i4828!4i256!2m3!1e0!2sm!3i783548168!2m3!1e2!2sspotlit!5i1!3m13!2sen-US!3sUS!5e289!12m5!1e68!2m2!1sset!2sRoadmap!4e2!12m3!1e37!2m1!1ssmartmaps!4e0!5m1!1e3!23i47083502!27m14!299174093m13!14m12!1m8!1m2!1y3157628702085435989!2y2361140084070818328!2zL20vMDVqazgx!4m2!1x3989054546!2x1151581522!15sgcid%3Anational_reserve!2b0!6b0!8b0&key=AIzaSyCmL18misQw9KdwqGaw3zHkitj8vG6QF2Y&token=110503 → 200 (3ms, -1026B)
[2026-06-20T00:05:00.630Z] GET https://www.google.com/maps/vt?pb=!1m5!1m4!1i13!2i6715!3i4827!4i256!2m3!1e0!2sm!3i783548168!2m3!1e2!2sspotlit!5i1!3m13!2sen-US!3sUS!5e289!12m5!1e68!2m2!1sset!2sRoadmap!4e2!12m3!1e37!2m1!1ssmartmaps!4e0!5m1!1e3!23i47083502!27m14!299174093m13!14m12!1m8!1m2!1y3157628702085435989!2y2361140084070818328!2zL20vMDVqazgx!4m2!1x3989054546!2x1151581522!15sgcid%3Anational_reserve!2b0!6b0!8b0&key=AIzaSyCmL18misQw9KdwqGaw3zHkitj8vG6QF2Y&token=7357 → 200 (3ms, -1026B)
[2026-06-20T00:05:00.632Z] GET https://www.google.com/maps/vt?pb=!1m5!1m4!1i13!2i6716!3i4827!4i256!2m3!1e0!2sm!3i783548168!2m3!1e2!2sspotlit!5i1!3m13!2sen-US!3sUS!5e289!12m5!1e68!2m2!1sset!2sRoadmap!4e2!12m3!1e37!2m1!1ssmartmaps!4e0!5m1!1e3!23i47083502!27m14!299174093m13!14m12!1m8!1m2!1y3157628702085435989!2y2361140084070818328!2zL20vMDVqazgx!4m2!1x3989054546!2x1151581522!15sgcid%3Anational_reserve!2b0!6b0!8b0&key=AIzaSyCmL18misQw9KdwqGaw3zHkitj8vG6QF2Y&token=12966 → 200 (1ms, -1026B)
[2026-06-20T00:05:00.632Z] GET https://www.google.com/maps/vt?pb=!1m5!1m4!1i13!2i6717!3i4827!4i256!2m3!1e0!2sm!3i783547976!2m3!1e2!2sspotlit!5i1!3m13!2sen-US!3sUS!5e289!12m5!1e68!2m2!1sset!2sRoadmap!4e2!12m3!1e37!2m1!1ssmartmaps!4e0!5m1!1e3!23i47083502!27m14!299174093m13!14m12!1m8!1m2!1y3157628702085435989!2y2361140084070818328!2zL20vMDVqazgx!4m2!1x3989054546!2x1151581522!15sgcid%3Anational_reserve!2b0!6b0!8b0&key=AIzaSyCmL18misQw9KdwqGaw3zHkitj8vG6QF2Y&token=66677 → 200 (2ms, -1026B)
[2026-06-20T00:05:00.632Z] GET https://www.google.com/maps/vt?pb=!1m5!1m4!1i13!2i6717!3i4828!4i256!2m3!1e0!2sm!3i783547976!2m3!1e2!2sspotlit!5i1!3m13!2sen-US!3sUS!5e289!12m5!1e68!2m2!1sset!2sRoadmap!4e2!12m3!1e37!2m1!1ssmartmaps!4e0!5m1!1e3!23i47083502!27m14!299174093m13!14m12!1m8!1m2!1y3157628702085435989!2y2361140084070818328!2zL20vMDVqazgx!4m2!1x3989054546!2x1151581522!15sgcid%3Anational_reserve!2b0!6b0!8b0&key=AIzaSyCmL18misQw9KdwqGaw3zHkitj8vG6QF2Y&token=38752 → 200 (2ms, -1026B)
[2026-06-20T00:05:00.632Z] GET https://maps.googleapis.com/maps/api/place/js/PhotoService.GetPhoto?1sAaVGc3mKEORny6XEARgHZ-8F2lHTwle1Be_ILyo3ymlOAn3u2p5onym3v_Xmw63gaJvi3xaCxIqKMJz7x93K5p5Ag9XnFBv4xfG6c68N7WoNwoTf-_LeYjf0gyRv2Rn5c6oJ_Sg9wlFOM6ivhHmBXlLQNA_jWrnwI4UtCgmoRX8COOSBoyHayS3EZTX-zkZ04zaypQr916IQ0CKBHu2P0wi1WRM_NdnCbbDggxH9qzEmapJO74cVl5OT2Mtu4ktRqNTLaROSGrpZCCt4u7kRSDktiVHxT8hKk9IoF4VSDEZ-qzoAekAyBX4FhuGIomWA-gH15AXXmayEscumL1ytzKEDgn6sm9tXAk207ITViOSn20I2MJmotZuIvUgGTlF5UIAJXGEm2gFpHjseNMwhX6U8tLThXC8XFkwxs5OTTxj4Umg&3u900&5m1&2e1&callback=none&r_url=http%3A%2F%2Flocalhost%3A5174%2F&key=AIzaSyCpxQouLfUctGTK_oamhLQydsi71aH3sNg&token=127312 → 302 (147ms, 403B)
[2026-06-20T00:05:00.632Z] GET https://maps.googleapis.com/maps/api/place/js/PhotoService.GetPhoto?1sAaVGc3mwEe6IDbSN7znSWaXpHBDOhmWMBwv9e0Ds6NfvhVjtZ3LEgT8CDs9rp-Er5CPCQ72NZQAwSQlGTQ2J0GBCvkoN3507REuI0_kbvB1TRBCvVLflgBRksI9aYfK3lQgUSNMFDNrrR-RDdG71Yz8KFrM3AKGvj_K_GwjXZ_PFQGzUYREWWkKqD0cI6sFl6m4njblZ7n1ScmZltv-NIxAk51D37FL2WSHm7H8aW12aBtYaz_3OG2y51lou7xTjwdy-fXAEgt-F1EcLbo1cLi5JTYeljxLUs66zSeMZL008oZ7q5cJ8-kHcP_cw7uae1vY8-iKHTNUFIdHfeZojX8WYSw-tZkObPOZNNr5AIN0da_Qe0qkD9EqxeAJp9CXBkB8Kqd1pauOHoCYRkzEaLHx19CulAyNa2bZdBqTTtxgTBWWsrvuuz11eoUZp3PA92ycE&3u900&5m1&2e1&callback=none&r_url=http%3A%2F%2Flocalhost%3A5174%2F&key=AIzaSyCpxQouLfUctGTK_oamhLQydsi71aH3sNg&token=92556 → 302 (147ms, 413B)
[2026-06-20T00:05:00.633Z] GET https://maps.googleapis.com/maps/api/place/js/PhotoService.GetPhoto?1sAaVGc3n8IZ174nDH22KnjkoJp3_8fODmb-_4zYIU94gkA7avUahPxK3nmdWm-_YLzUwebS9NtQU8ENmVY9vyd6aHbhixczK4jIwXjThKrbAlQB5h_Kg5VKPRmJhKM_zrl1HdIHZ-5ZRAN6EPG1bOnIMy0VALIQQf7qQPy7cJqoWL7Ou8qfVF1MHEJrikrC3WmanC94eXtGF5nLAEWSuoifJMCe8QHhx0ZzYrIJMp2MTEWhzmEdM196CATbg0JN9fCJ7MeQbYM8fK4fjPBIaacErNfCAHV_P4g6Y2qPXrnvoSgGHXTo3XGsSmxbdDH4Gm-iL3A8oK4RBRekZ1yQCUQFLpJLuZ7MPCg3xG76qLN7KyMkdmsxBefFCiDIpW7ebO0NCPsN4rNFO3gcRvjQ8h7TzHcfZbZrIWJFvvQqmgdljawAyvBOpdnREAECpuNi_P5biz&3u900&5m1&2e1&callback=none&r_url=http%3A%2F%2Flocalhost%3A5174%2F&key=AIzaSyCpxQouLfUctGTK_oamhLQydsi71aH3sNg&token=120236 → 302 (148ms, 413B)
[2026-06-20T00:05:00.635Z] GET https://www.google.com/maps/vt?pb=!1m4!1m3!1i13!2i6715!3i4827!1m4!1m3!1i13!2i6715!3i4828!1m4!1m3!1i13!2i6716!3i4827!1m4!1m3!1i13!2i6717!3i4827!1m4!1m3!1i13!2i6716!3i4828!1m4!1m3!1i13!2i6717!3i4828!2m3!1e0!2sm!3i783548168!2m3!1e2!2sspotlit!5i1!3m13!2sen-US!3sUS!5e289!12m5!1e68!2m2!1sset!2sRoadmap!4e2!12m3!1e37!2m1!1ssmartmaps!4e3!12m2!5b1!6b1!27m14!299174093m13!14m12!1m8!1m2!1y3157628702085435989!2y2361140084070818328!2zL20vMDVqazgx!4m2!1x3989054546!2x1151581522!15sgcid%3Anational_reserve!2b0!6b0!8b0&key=AIzaSyCmL18misQw9KdwqGaw3zHkitj8vG6QF2Y&token=85544 → 200 (?ms, -1056B)
[2026-06-20T00:05:00.779Z] GET https://lh3.googleusercontent.com/place-photos/AJRVUZMwjQh6GCH_SxX1p2KndywuXjmlyv7xJw8UxONQL4tTmck_q-DPVUsj_E0ktLUDI6yKSj22qT5xXITY3XSF_Ba_wxELcuajfe-h3FAkLucckR8yKQgvJxA-jzGwjV0DP5UdvLEjVkMVKXaUVSIp5McXDA=s1600-w900 → 200 (?ms, -502B)
[2026-06-20T00:05:00.779Z] GET https://lh3.googleusercontent.com/place-photos/AJRVUZNAiWcK8VZpHrUaYtjBcg8fPessckmADXJJLIUuwy3lrXDTHfB3n_guVfM70GqwuxR1ZFNuFDAfCkZN96ByfE1xFdqltNwrc3CrwZCGCE91uHgFxbyXzq4AvhmKejGKOiGmRjPwlYVg4r1A=s1600-w900 → 200 (?ms, -503B)
[2026-06-20T00:05:00.781Z] GET https://lh3.googleusercontent.com/place-photos/AJRVUZMOenkDQ300gqxG_BvoMQwOwdxtYeo-acgu5ywlltNovVvapOgEIy_TAkwN-6ZGBd7SBeGa6v4qbHTmvsUOBd1uZx_hKUsdorSqJAvfWw8ixqGsm0XNSJfI7Y32o4IY8Yi8GhNqbqQ0laLfnsrvuQfHiw=s1600-w900 → 200 (1ms, -503B)
[2026-06-20T00:05:01.059Z] GET https://fonts.googleapis.com/css?family=Google+Sans+Text:400&text=%E2%86%90%E2%86%92%E2%86%91%E2%86%93&lang=en → 200 (1ms, -698B)
[2026-06-20T00:05:01.059Z] GET https://fonts.googleapis.com/css?family=Roboto:300,400,500,700|Google+Sans:400,500,700|Google+Sans+Text:400,500,700&lang=en → 200 (1ms, -698B)
[2026-06-20T00:05:01.063Z] GET https://fonts.gstatic.com/s/roboto/v51/KFO7CnqEu92Fr1ME7kSn66aGLdTylUAMa3yUBHMdazQ.woff2 → 200 (1ms, -815B)
[2026-06-20T00:05:01.063Z] GET https://fonts.gstatic.com/s/roboto/v51/KFO7CnqEu92Fr1ME7kSn66aGLdTylUAMa3yUBHMdazQ.woff2 → 200 (1ms, -815B)
[2026-06-20T00:05:01.561Z] POST https://maps.googleapis.com/maps_api_js_slo/log?hasfast=true → 200 (188ms, 132B)
[2026-06-20T00:05:52.346Z] GET http://localhost:5174/src/App.jsx?t=1781913952343 → 200 (62ms, 173339B)
[2026-06-20T00:05:52.432Z] GET https://maps.googleapis.com/maps/api/place/js/PhotoService.GetPhoto?1sAaVGc3lEO7Td8Xmo480P65eTx5yAcs7Kkx1iwQGrbS1gN8tUa0BbnuV8ATqlkC3qYK1R1kLH_TRfzMMLYqt2TZWWZmPtduPqgMihlfWcPIzTdx4bBPYHYsfkYalw8d08hXbTRKX4g3GJ5bNornV45ovs4Vc9WOdrawDLD57OAGndg869kPxUZc4yB70ZFxoUsxcNA9LKnzFhCbAOauu9GZLGwilQH2fPaFtZA3JIu8V8O8Bo4dcmZ-m2NjYpM67VbfG5bHmOijriFuzNac2YRHsuaWE_O6EendMdYcUnoit6qv-S11yFN193IuqoH2-xXl4nyPv79v8VFTIsPw3Vw5-IS6TOkU4T6yo5tuVsID_v0eKvfBF0bZkl11BEjCLpS9Gxn-YwITSxmg-_DLWkFBuYCf_tukUNB6yvBHUd5OwvTUQ9ZiU&3u900&5m1&2e1&callback=none&r_url=http%3A%2F%2Flocalhost%3A5174%2F&key=AIzaSyCpxQouLfUctGTK_oamhLQydsi71aH3sNg&token=45282 → pending (?ms, ?B)
[2026-06-20T00:05:52.432Z] GET https://maps.googleapis.com/maps/api/place/js/PhotoService.GetPhoto?1sAaVGc3m1nDlYSxSMJgOnPRol9-phiOHNCJHEehQBecZ_Z83uwCmeC_z9bognDNkAT1mlyiZrPv7K7txXTZ3JqLxwgoBs_V2KX75orOWad8V6SojQ9o8rVixyeC16IxL4va5GT72RdHucVxqBMixyVBR4QWY3HrELuVJzDjgHpS9TUSMJ_jnOxviNyeJx6WnHskOMmp4eEs9l0RQ2UqQG_Jch9pgeOILKqoyk7YM_ZId2dzGI3Hx64UR9Ar-2_K6it03F3KKJCb68uRsYDGuNXVQFclsVnz3rAYps0EFygo46_0g_GqEU5EQv1TW8gcM3ltg13CYYbjM_c38-wGBqBAxXZZwxVFwTUHDPgIP79v8xLivqk08WeexsMWQxL4IMLRYc39UsPoneVS7ZV1fKh6aSZG04ydboTSaVozKFbGxk_kHbt7CO3VXvQseNbD4dDqd_&3u900&5m1&2e1&callback=none&r_url=http%3A%2F%2Flocalhost%3A5174%2F&key=AIzaSyCpxQouLfUctGTK_oamhLQydsi71aH3sNg&token=90383 → pending (?ms, ?B)
[2026-06-20T00:05:52.432Z] GET https://lh3.googleusercontent.com/a-/ALV-UjVGdw0H9G0IOYI5i-F-g0gRtzSXsz0ZjPy0yQkgXFaHPAtRXB8=s128-c0x00000000-cc-rp-mo-ba6 → pending (?ms, ?B)
[2026-06-20T00:05:52.432Z] GET https://lh3.googleusercontent.com/a-/ALV-UjXn8PPWxN6PR-PEH0phPVZe8Z-Z4ZdVWuUOmNXbLUi5nypHUL2N=s128-c0x00000000-cc-rp-mo-ba5 → pending (?ms, ?B)
[2026-06-20T00:05:52.432Z] GET https://lh3.googleusercontent.com/a-/ALV-UjVmsHv_eTcB3lwPTaIOG8aV7W8PS2r_u5zlTiAjPTQ-RFNcCerQNw=s128-c0x00000000-cc-rp-mo-ba6 → pending (?ms, ?B)
[2026-06-20T00:05:52.432Z] GET https://lh3.googleusercontent.com/a-/ALV-UjWfLYC1B9TreNvIyOTWfRa2Ff1UG9iHVb1x8Ko0yWwPuo2cR4NupA=s128-c0x00000000-cc-rp-mo-ba4 → pending (?ms, ?B)
[2026-06-20T00:05:52.432Z] GET https://lh3.googleusercontent.com/a/ACg8ocI7wUluuGb2IclvkRfYf1BEhaumY5jVEBGZrDOeMrVB-8_6IwM=s128-c0x00000000-cc-rp-mo-ba6 → pending (?ms, ?B)
[2026-06-20T00:05:52.456Z] GET https://maps.google.com/maps?q=Pinnacles%20Desert%20Nambung%20National%20Park&z=13&output=embed&key=AIzaSyCpxQouLfUctGTK_oamhLQydsi71aH3sNg → 301 (?ms, ?B)
[2026-06-20T00:05:52.456Z] GET https://www.google.com/maps/embed?origin=mfe&pb=!1m3!2m1!1sPinnacles+Desert+Nambung+National+Park!6i13 → pending (?ms, ?B)
[2026-06-20T00:05:55.154Z] GET https://lh3.googleusercontent.com/place-photos/AJRVUZPxspVT5S2ZXn74GYr9uTE9-mjcI1SL3lIUVip0KFl8RJXoIENhIitmZjKPaYTAyQru9rxLGPZVQVuFC5HwTqiHFuhLAQwsDRJHihFcVm_vub73xnhnz4GxZPwgDrZxygd8thuWY3YH-TpwQA=s1600-w900 → 200 (207ms, 219323B)
[2026-06-20T00:05:55.166Z] GET https://lh3.googleusercontent.com/place-photos/AJRVUZMIZe0pzSwFXjDZQY6V6i-ztBpRkqdoQrXBTWU65Mr_NwXtD0jgsZ8Lc828WuMDmg033M9YfSrEzuPCEDpBgP97i4sHF5GWtIFXc4CY1o_xhCG8D-fEqQBgAqx7tcrWvQvhT9tYvHjSdpgoppZagYsX2A=s1600-w900 → 200 (177ms, 189584B)
[2026-06-20T00:05:55.263Z] GET https://maps.gstatic.com/maps-api-v3/embed/js/65/5e/init_embed.js → 200 (1ms, -841B)
[2026-06-20T00:05:55.264Z] GET https://maps.googleapis.com/maps/api/js?key=AIzaSyCmL18misQw9KdwqGaw3zHkitj8vG6QF2Y&paint_origin=&libraries=geometry,search&v=weekly&loading=async&language=en_US&experimentation=allowed&callback=onApiLoad → 200 (?ms, -539B)
[2026-06-20T00:05:55.264Z] GET https://maps.googleapis.com/maps-api-v3/api/js/65/5e/geometry.js → 200 (?ms, -840B)
[2026-06-20T00:05:55.264Z] GET https://maps.googleapis.com/maps-api-v3/api/js/65/5e/search.js → 200 (?ms, -840B)
[2026-06-20T00:05:55.264Z] GET https://maps.googleapis.com/maps-api-v3/api/js/65/5e/main.js → 200 (1ms, -841B)
[2026-06-20T00:05:55.280Z] GET https://maps.googleapis.com/maps/api/mapsjs/gen_204?csp_test=true → 200 (315ms, 46B)
[2026-06-20T00:05:55.291Z] GET https://maps.googleapis.com/maps-api-v3/api/js/65/5e/common.js → 200 (?ms, -841B)
[2026-06-20T00:05:55.292Z] GET https://maps.googleapis.com/maps-api-v3/api/js/65/5e/util.js → 200 (?ms, -841B)
[2026-06-20T00:05:55.292Z] GET https://maps.googleapis.com/maps-api-v3/api/js/65/5e/map.js → 200 (?ms, -841B)
[2026-06-20T00:05:55.292Z] GET https://maps.googleapis.com/maps-api-v3/api/js/65/5e/controls.js → 200 (?ms, -841B)
[2026-06-20T00:05:55.293Z] GET https://maps.googleapis.com/maps-api-v3/api/js/65/5e/places_impl.js → 200 (?ms, -840B)
[2026-06-20T00:05:55.293Z] GET https://maps.googleapis.com/maps-api-v3/api/js/65/5e/places.js → 200 (?ms, -841B)
[2026-06-20T00:05:55.306Z] GET https://maps.googleapis.com/maps/api/js/StaticMapService.GetMapImage?1m2&1i1719202&2i1235808&2e1&3u13&4m2&1u438&2u200&5m6&1e0&5sen-US&6sus&10b1&12b1&14i47083502&8e1&key=AIzaSyCmL18misQw9KdwqGaw3zHkitj8vG6QF2Y&token=116550 → 200 (?ms, -756B)
[2026-06-20T00:05:55.308Z] GET https://maps.googleapis.com/maps-api-v3/api/js/65/5e/onion.js → 200 (?ms, -841B)
[2026-06-20T00:05:55.309Z] GET https://maps.googleapis.com/maps-api-v3/api/js/65/5e/search_impl.js → 200 (?ms, -840B)
[2026-06-20T00:06:05.571Z] GET http://localhost:5174/ → pending (?ms, ?B)
[2026-06-20T00:06:06.573Z] GET http://localhost:5174/ → pending (?ms, ?B)
[2026-06-20T00:06:07.575Z] GET http://localhost:5174/ → 204 (4ms, ?B)
[2026-06-20T00:06:07.579Z] GET http://localhost:5174/ → 200 (13ms, 1258B)
[2026-06-20T00:06:07.597Z] GET http://localhost:5174/@vite/client → 200 (20ms, 137703B)
[2026-06-20T00:06:07.597Z] GET https://fonts.googleapis.com/css2?family=Noto+Serif+KR:wght@300;400;500;600;700&display=swap → 200 (?ms, -743B)
[2026-06-20T00:06:07.597Z] GET https://cdn.jsdelivr.net/gh/orioncactus/pretendard@v1.3.9/dist/web/variable/pretendardvariable.min.css → 200 (1ms, -1127B)
[2026-06-20T00:06:07.598Z] GET https://maps.googleapis.com/maps/api/js?key=AIzaSyCpxQouLfUctGTK_oamhLQydsi71aH3sNg&libraries=places → 200 (?ms, -558B)
[2026-06-20T00:06:07.598Z] GET http://localhost:5174/src/main.jsx → 200 (164ms, ?B)
[2026-06-20T00:06:07.598Z] GET http://localhost:5174/@react-refresh → 200 (19ms, ?B)
[2026-06-20T00:06:07.611Z] GET https://maps.googleapis.com/maps/api/mapsjs/gen_204?csp_test=true → 200 (228ms, 45B)
[2026-06-20T00:06:07.615Z] GET https://fonts.gstatic.com/s/notoserifkr/v31/3Jn7SDn90Gmq2mr3blnHaTZXduVp0uNzcmdRk6NBSYsXpcC_HIoOgGv0PTY.110.woff2 → 200 (?ms, -815B)
[2026-06-20T00:06:07.615Z] GET https://fonts.gstatic.com/s/notoserifkr/v31/3Jn7SDn90Gmq2mr3blnHaTZXduVp0uNzcmdRk6NBSYsXpcC_HIoOgGv0PTY.112.woff2 → 200 (?ms, -815B)
[2026-06-20T00:06:07.616Z] GET https://fonts.gstatic.com/s/notoserifkr/v31/3Jn7SDn90Gmq2mr3blnHaTZXduVp0uNzcmdRk6NBSYsXpcC_HIoOgGv0PTY.114.woff2 → 200 (?ms, -815B)
[2026-06-20T00:06:07.616Z] GET https://fonts.gstatic.com/s/notoserifkr/v31/3Jn7SDn90Gmq2mr3blnHaTZXduVp0uNzcmdRk6NBSYsXpcC_HIoOgGv0PTY.115.woff2 → 200 (?ms, -815B)
[2026-06-20T00:06:07.616Z] GET https://fonts.gstatic.com/s/notoserifkr/v31/3Jn7SDn90Gmq2mr3blnHaTZXduVp0uNzcmdRk6NBSYsXpcC_HIoOgGv0PTY.116.woff2 → 200 (?ms, -815B)
[2026-06-20T00:06:07.616Z] GET https://fonts.gstatic.com/s/notoserifkr/v31/3Jn7SDn90Gmq2mr3blnHaTZXduVp0uNzcmdRk6NBSYsXpcC_HIoOgGv0PTY.117.woff2 → 200 (?ms, -815B)
[2026-06-20T00:06:07.616Z] GET https://fonts.gstatic.com/s/notoserifkr/v31/3Jn7SDn90Gmq2mr3blnHaTZXduVp0uNzcmdRk6NBSYsXpcC_HIoOgGv0PTY.118.woff2 → 200 (?ms, -815B)
[2026-06-20T00:06:07.616Z] GET https://fonts.gstatic.com/s/notoserifkr/v31/3Jn7SDn90Gmq2mr3blnHaTZXduVp0uNzcmdRk6NBSYsXpcC_HIoOgGv0PTY.119.woff2 → 200 (?ms, -815B)
[2026-06-20T00:06:07.616Z] GET https://fonts.gstatic.com/s/notoserifkr/v31/3Jn7SDn90Gmq2mr3blnHaTZXRudj1cFxOHU.woff2 → 200 (?ms, -815B)
[2026-06-20T00:06:07.616Z] GET https://cdn.jsdelivr.net/gh/orioncactus/pretendard@v1.3.9/packages/pretendard/dist/web/variable/woff2/PretendardVariable.woff2 → 200 (?ms, -1110B)
[2026-06-20T00:06:07.617Z] GET http://localhost:5174/node_modules/vite/dist/client/env.mjs → 200 (141ms, ?B)
[2026-06-20T00:06:07.763Z] GET http://localhost:5174/node_modules/.vite/deps/react_jsx-dev-runtime.js?v=bbdc9f68 → 200 (?ms, -310B)
[2026-06-20T00:06:07.763Z] GET http://localhost:5174/node_modules/.vite/deps/react.js?v=bbdc9f68 → 200 (?ms, -306B)
[2026-06-20T00:06:07.763Z] GET http://localhost:5174/node_modules/.vite/deps/react-dom_client.js?v=bbdc9f68 → 200 (?ms, -308B)
[2026-06-20T00:06:07.763Z] GET http://localhost:5174/src/App.jsx → 200 (141ms, 173339B)
[2026-06-20T00:06:07.763Z] GET http://localhost:5174/src/App.css → 200 (5ms, ?B)
[2026-06-20T00:06:07.763Z] GET http://localhost:5174/node_modules/.vite/deps/chunk-REFQX4J5.js?v=bbdc9f68 → 200 (?ms, -311B)
[2026-06-20T00:06:07.763Z] GET http://localhost:5174/node_modules/.vite/deps/chunk-373CG7ZK.js?v=bbdc9f68 → 200 (?ms, -312B)
[2026-06-20T00:06:07.927Z] GET https://maps.googleapis.com/maps/api/js/AuthenticationService.Authenticate?1shttp%3A%2F%2Flocalhost%3A5174%2F&4sAIzaSyCpxQouLfUctGTK_oamhLQydsi71aH3sNg&8b0&callback=_xdc_._hhdfog&key=AIzaSyCpxQouLfUctGTK_oamhLQydsi71aH3sNg&token=51131 → pending (?ms, ?B)
[2026-06-20T00:06:08.508Z] GET https://maps.googleapis.com/maps/api/place/js/PlaceService.FindPlaceFromText?1sPinnacles%20Desert%20Nambung%20National%20Park&2e2&3m0&5m2&3m1&1splace_id&6m2&1sen-US&2e1&r_url=http%3A%2F%2Flocalhost%3A5174%2F&callback=_xdc_._2z3mku&key=AIzaSyCpxQouLfUctGTK_oamhLQydsi71aH3sNg&token=7854 → 200 (?ms, -831B)
[2026-06-20T00:06:08.509Z] GET https://maps.googleapis.com/maps/api/place/js/PlaceService.GetPlaceDetails?2sen-US&10e3&14m1&1sChIJVVJhIJMm0isRGCL6h2V0xCA&16m1&1sphotos%2Creviews%2Crating%2Cuser_ratings_total&17m1&2e1&r_url=http%3A%2F%2Flocalhost%3A5174%2F&callback=_xdc_._zhbr6d&key=AIzaSyCpxQouLfUctGTK_oamhLQydsi71aH3sNg&token=100377 → 200 (?ms, -832B)
[2026-06-20T00:06:08.510Z] GET https://maps.googleapis.com/maps/api/place/js/PhotoService.GetPhoto?1sAaVGc3mKEORny6XEARgHZ-8F2lHTwle1Be_ILyo3ymlOAn3u2p5onym3v_Xmw63gaJvi3xaCxIqKMJz7x93K5p5Ag9XnFBv4xfG6c68N7WoNwoTf-_LeYjf0gyRv2Rn5c6oJ_Sg9wlFOM6ivhHmBXlLQNA_jWrnwI4UtCgmoRX8COOSBoyHayS3EZTX-zkZ04zaypQr916IQ0CKBHu2P0wi1WRM_NdnCbbDggxH9qzEmapJO74cVl5OT2Mtu4ktRqNTLaROSGrpZCCt4u7kRSDktiVHxT8hKk9IoF4VSDEZ-qzoAekAyBX4FhuGIomWA-gH15AXXmayEscumL1ytzKEDgn6sm9tXAk207ITViOSn20I2MJmotZuIvUgGTlF5UIAJXGEm2gFpHjseNMwhX6U8tLThXC8XFkwxs5OTTxj4Umg&3u900&5m1&2e1&callback=none&r_url=http%3A%2F%2Flocalhost%3A5174%2F&key=AIzaSyCpxQouLfUctGTK_oamhLQydsi71aH3sNg&token=127312 → 302 (156ms, 403B)
[2026-06-20T00:06:08.666Z] GET https://lh3.googleusercontent.com/place-photos/AJRVUZNAiWcK8VZpHrUaYtjBcg8fPessckmADXJJLIUuwy3lrXDTHfB3n_guVfM70GqwuxR1ZFNuFDAfCkZN96ByfE1xFdqltNwrc3CrwZCGCE91uHgFxbyXzq4AvhmKejGKOiGmRjPwlYVg4r1A=s1600-w900 → 200 (1ms, -503B)
[2026-06-20T00:06:16.173Z] GET http://localhost:5174/ → 200 (4ms, ?B)
[2026-06-20T00:06:16.179Z] GET http://localhost:5174/@vite/client → 304 (3ms, ?B)
[2026-06-20T00:06:16.180Z] GET https://fonts.googleapis.com/css2?family=Noto+Serif+KR:wght@300;400;500;600;700&display=swap → 200 (?ms, -743B)
[2026-06-20T00:06:16.180Z] GET https://cdn.jsdelivr.net/gh/orioncactus/pretendard@v1.3.9/dist/web/variable/pretendardvariable.min.css → 200 (1ms, -1127B)
[2026-06-20T00:06:16.182Z] GET https://maps.googleapis.com/maps/api/js?key=AIzaSyCpxQouLfUctGTK_oamhLQydsi71aH3sNg&libraries=places → 200 (?ms, -558B)
[2026-06-20T00:06:16.182Z] GET http://localhost:5174/src/main.jsx → 304 (1ms, ?B)
[2026-06-20T00:06:16.182Z] GET http://localhost:5174/@react-refresh → 304 (1ms, ?B)
[2026-06-20T00:06:16.182Z] GET http://localhost:5174/node_modules/vite/dist/client/env.mjs → 304 (1ms, ?B)
[2026-06-20T00:06:16.183Z] GET http://localhost:5174/node_modules/.vite/deps/react_jsx-dev-runtime.js?v=bbdc9f68 → 200 (?ms, -310B)
[2026-06-20T00:06:16.183Z] GET http://localhost:5174/node_modules/.vite/deps/react.js?v=bbdc9f68 → 200 (?ms, -306B)
[2026-06-20T00:06:16.183Z] GET http://localhost:5174/node_modules/.vite/deps/react-dom_client.js?v=bbdc9f68 → 200 (?ms, -308B)
[2026-06-20T00:06:16.183Z] GET http://localhost:5174/src/App.jsx → 304 (3ms, ?B)
[2026-06-20T00:06:16.183Z] GET http://localhost:5174/src/App.css → 304 (3ms, ?B)
[2026-06-20T00:06:16.183Z] GET http://localhost:5174/node_modules/.vite/deps/chunk-REFQX4J5.js?v=bbdc9f68 → 200 (?ms, -311B)
[2026-06-20T00:06:16.183Z] GET http://localhost:5174/node_modules/.vite/deps/chunk-373CG7ZK.js?v=bbdc9f68 → 200 (?ms, -312B)
[2026-06-20T00:06:16.188Z] GET https://fonts.gstatic.com/s/notoserifkr/v31/3Jn7SDn90Gmq2mr3blnHaTZXduVp0uNzcmdRk6NBSYsXpcC_HIoOgGv0PTY.110.woff2 → 200 (?ms, -815B)
[2026-06-20T00:06:16.188Z] GET https://fonts.gstatic.com/s/notoserifkr/v31/3Jn7SDn90Gmq2mr3blnHaTZXduVp0uNzcmdRk6NBSYsXpcC_HIoOgGv0PTY.112.woff2 → 200 (?ms, -815B)
[2026-06-20T00:06:16.188Z] GET https://fonts.gstatic.com/s/notoserifkr/v31/3Jn7SDn90Gmq2mr3blnHaTZXduVp0uNzcmdRk6NBSYsXpcC_HIoOgGv0PTY.114.woff2 → 200 (?ms, -815B)
[2026-06-20T00:06:16.188Z] GET https://fonts.gstatic.com/s/notoserifkr/v31/3Jn7SDn90Gmq2mr3blnHaTZXduVp0uNzcmdRk6NBSYsXpcC_HIoOgGv0PTY.115.woff2 → 200 (?ms, -815B)
[2026-06-20T00:06:16.189Z] GET https://fonts.gstatic.com/s/notoserifkr/v31/3Jn7SDn90Gmq2mr3blnHaTZXduVp0uNzcmdRk6NBSYsXpcC_HIoOgGv0PTY.116.woff2 → 200 (?ms, -815B)
[2026-06-20T00:06:16.189Z] GET https://fonts.gstatic.com/s/notoserifkr/v31/3Jn7SDn90Gmq2mr3blnHaTZXduVp0uNzcmdRk6NBSYsXpcC_HIoOgGv0PTY.117.woff2 → 200 (?ms, -815B)
[2026-06-20T00:06:16.189Z] GET https://fonts.gstatic.com/s/notoserifkr/v31/3Jn7SDn90Gmq2mr3blnHaTZXduVp0uNzcmdRk6NBSYsXpcC_HIoOgGv0PTY.118.woff2 → 200 (?ms, -815B)
[2026-06-20T00:06:16.189Z] GET https://fonts.gstatic.com/s/notoserifkr/v31/3Jn7SDn90Gmq2mr3blnHaTZXduVp0uNzcmdRk6NBSYsXpcC_HIoOgGv0PTY.119.woff2 → 200 (?ms, -815B)
[2026-06-20T00:06:16.189Z] GET https://fonts.gstatic.com/s/notoserifkr/v31/3Jn7SDn90Gmq2mr3blnHaTZXRudj1cFxOHU.woff2 → 200 (?ms, -815B)
[2026-06-20T00:06:16.189Z] GET https://cdn.jsdelivr.net/gh/orioncactus/pretendard@v1.3.9/packages/pretendard/dist/web/variable/woff2/PretendardVariable.woff2 → 200 (?ms, -1110B)
[2026-06-20T00:06:16.199Z] GET https://maps.googleapis.com/maps/api/mapsjs/gen_204?csp_test=true → 200 (192ms, 45B)
[2026-06-20T00:06:16.590Z] GET https://maps.googleapis.com/maps/api/js/AuthenticationService.Authenticate?1shttp%3A%2F%2Flocalhost%3A5174%2F&4sAIzaSyCpxQouLfUctGTK_oamhLQydsi71aH3sNg&8b0&callback=_xdc_._hhdfog&key=AIzaSyCpxQouLfUctGTK_oamhLQydsi71aH3sNg&token=51131 → 200 (161ms, 87B)
[2026-06-20T00:06:16.752Z] GET https://maps.googleapis.com/maps/api/place/js/PlaceService.FindPlaceFromText?1sPinnacles%20Desert%20Nambung%20National%20Park&2e2&3m0&5m2&3m1&1splace_id&6m2&1sen-US&2e1&r_url=http%3A%2F%2Flocalhost%3A5174%2F&callback=_xdc_._2z3mku&key=AIzaSyCpxQouLfUctGTK_oamhLQydsi71aH3sNg&token=7854 → 200 (?ms, -831B)
[2026-06-20T00:06:16.752Z] GET https://maps.googleapis.com/maps/api/place/js/PlaceService.GetPlaceDetails?2sen-US&10e3&14m1&1sChIJVVJhIJMm0isRGCL6h2V0xCA&16m1&1sphotos%2Creviews%2Crating%2Cuser_ratings_total&17m1&2e1&r_url=http%3A%2F%2Flocalhost%3A5174%2F&callback=_xdc_._zhbr6d&key=AIzaSyCpxQouLfUctGTK_oamhLQydsi71aH3sNg&token=100377 → 200 (?ms, -832B)
[2026-06-20T00:06:16.753Z] GET https://maps.googleapis.com/maps/api/place/js/PhotoService.GetPhoto?1sAaVGc3mKEORny6XEARgHZ-8F2lHTwle1Be_ILyo3ymlOAn3u2p5onym3v_Xmw63gaJvi3xaCxIqKMJz7x93K5p5Ag9XnFBv4xfG6c68N7WoNwoTf-_LeYjf0gyRv2Rn5c6oJ_Sg9wlFOM6ivhHmBXlLQNA_jWrnwI4UtCgmoRX8COOSBoyHayS3EZTX-zkZ04zaypQr916IQ0CKBHu2P0wi1WRM_NdnCbbDggxH9qzEmapJO74cVl5OT2Mtu4ktRqNTLaROSGrpZCCt4u7kRSDktiVHxT8hKk9IoF4VSDEZ-qzoAekAyBX4FhuGIomWA-gH15AXXmayEscumL1ytzKEDgn6sm9tXAk207ITViOSn20I2MJmotZuIvUgGTlF5UIAJXGEm2gFpHjseNMwhX6U8tLThXC8XFkwxs5OTTxj4Umg&3u900&5m1&2e1&callback=none&r_url=http%3A%2F%2Flocalhost%3A5174%2F&key=AIzaSyCpxQouLfUctGTK_oamhLQydsi71aH3sNg&token=127312 → 302 (149ms, 403B)
[2026-06-20T00:06:16.902Z] GET https://lh3.googleusercontent.com/place-photos/AJRVUZNAiWcK8VZpHrUaYtjBcg8fPessckmADXJJLIUuwy3lrXDTHfB3n_guVfM70GqwuxR1ZFNuFDAfCkZN96ByfE1xFdqltNwrc3CrwZCGCE91uHgFxbyXzq4AvhmKejGKOiGmRjPwlYVg4r1A=s1600-w900 → 200 (?ms, -503B)
[2026-06-20T00:06:18.312Z] GET https://maps.googleapis.com/maps/api/place/js/PhotoService.GetPhoto?1sAaVGc3mwEe6IDbSN7znSWaXpHBDOhmWMBwv9e0Ds6NfvhVjtZ3LEgT8CDs9rp-Er5CPCQ72NZQAwSQlGTQ2J0GBCvkoN3507REuI0_kbvB1TRBCvVLflgBRksI9aYfK3lQgUSNMFDNrrR-RDdG71Yz8KFrM3AKGvj_K_GwjXZ_PFQGzUYREWWkKqD0cI6sFl6m4njblZ7n1ScmZltv-NIxAk51D37FL2WSHm7H8aW12aBtYaz_3OG2y51lou7xTjwdy-fXAEgt-F1EcLbo1cLi5JTYeljxLUs66zSeMZL008oZ7q5cJ8-kHcP_cw7uae1vY8-iKHTNUFIdHfeZojX8WYSw-tZkObPOZNNr5AIN0da_Qe0qkD9EqxeAJp9CXBkB8Kqd1pauOHoCYRkzEaLHx19CulAyNa2bZdBqTTtxgTBWWsrvuuz11eoUZp3PA92ycE&3u900&5m1&2e1&callback=none&r_url=http%3A%2F%2Flocalhost%3A5174%2F&key=AIzaSyCpxQouLfUctGTK_oamhLQydsi71aH3sNg&token=92556 → 302 (150ms, 413B)
[2026-06-20T00:06:18.312Z] GET https://maps.googleapis.com/maps/api/place/js/PhotoService.GetPhoto?1sAaVGc3n8IZ174nDH22KnjkoJp3_8fODmb-_4zYIU94gkA7avUahPxK3nmdWm-_YLzUwebS9NtQU8ENmVY9vyd6aHbhixczK4jIwXjThKrbAlQB5h_Kg5VKPRmJhKM_zrl1HdIHZ-5ZRAN6EPG1bOnIMy0VALIQQf7qQPy7cJqoWL7Ou8qfVF1MHEJrikrC3WmanC94eXtGF5nLAEWSuoifJMCe8QHhx0ZzYrIJMp2MTEWhzmEdM196CATbg0JN9fCJ7MeQbYM8fK4fjPBIaacErNfCAHV_P4g6Y2qPXrnvoSgGHXTo3XGsSmxbdDH4Gm-iL3A8oK4RBRekZ1yQCUQFLpJLuZ7MPCg3xG76qLN7KyMkdmsxBefFCiDIpW7ebO0NCPsN4rNFO3gcRvjQ8h7TzHcfZbZrIWJFvvQqmgdljawAyvBOpdnREAECpuNi_P5biz&3u900&5m1&2e1&callback=none&r_url=http%3A%2F%2Flocalhost%3A5174%2F&key=AIzaSyCpxQouLfUctGTK_oamhLQydsi71aH3sNg&token=120236 → 302 (147ms, 413B)
[2026-06-20T00:06:18.312Z] GET https://maps.googleapis.com/maps/api/place/js/PhotoService.GetPhoto?1sAaVGc3lEO7Td8Xmo480P65eTx5yAcs7Kkx1iwQGrbS1gN8tUa0BbnuV8ATqlkC3qYK1R1kLH_TRfzMMLYqt2TZWWZmPtduPqgMihlfWcPIzTdx4bBPYHYsfkYalw8d08hXbTRKX4g3GJ5bNornV45ovs4Vc9WOdrawDLD57OAGndg869kPxUZc4yB70ZFxoUsxcNA9LKnzFhCbAOauu9GZLGwilQH2fPaFtZA3JIu8V8O8Bo4dcmZ-m2NjYpM67VbfG5bHmOijriFuzNac2YRHsuaWE_O6EendMdYcUnoit6qv-S11yFN193IuqoH2-xXl4nyPv79v8VFTIsPw3Vw5-IS6TOkU4T6yo5tuVsID_v0eKvfBF0bZkl11BEjCLpS9Gxn-YwITSxmg-_DLWkFBuYCf_tukUNB6yvBHUd5OwvTUQ9ZiU&3u900&5m1&2e1&callback=none&r_url=http%3A%2F%2Flocalhost%3A5174%2F&key=AIzaSyCpxQouLfUctGTK_oamhLQydsi71aH3sNg&token=45282 → 302 (153ms, 405B)
[2026-06-20T00:06:18.312Z] GET https://maps.googleapis.com/maps/api/place/js/PhotoService.GetPhoto?1sAaVGc3m1nDlYSxSMJgOnPRol9-phiOHNCJHEehQBecZ_Z83uwCmeC_z9bognDNkAT1mlyiZrPv7K7txXTZ3JqLxwgoBs_V2KX75orOWad8V6SojQ9o8rVixyeC16IxL4va5GT72RdHucVxqBMixyVBR4QWY3HrELuVJzDjgHpS9TUSMJ_jnOxviNyeJx6WnHskOMmp4eEs9l0RQ2UqQG_Jch9pgeOILKqoyk7YM_ZId2dzGI3Hx64UR9Ar-2_K6it03F3KKJCb68uRsYDGuNXVQFclsVnz3rAYps0EFygo46_0g_GqEU5EQv1TW8gcM3ltg13CYYbjM_c38-wGBqBAxXZZwxVFwTUHDPgIP79v8xLivqk08WeexsMWQxL4IMLRYc39UsPoneVS7ZV1fKh6aSZG04ydboTSaVozKFbGxk_kHbt7CO3VXvQseNbD4dDqd_&3u900&5m1&2e1&callback=none&r_url=http%3A%2F%2Flocalhost%3A5174%2F&key=AIzaSyCpxQouLfUctGTK_oamhLQydsi71aH3sNg&token=90383 → 302 (238ms, 413B)
[2026-06-20T00:06:18.312Z] GET https://lh3.googleusercontent.com/a-/ALV-UjVGdw0H9G0IOYI5i-F-g0gRtzSXsz0ZjPy0yQkgXFaHPAtRXB8=s128-c0x00000000-cc-rp-mo-ba6 → 200 (?ms, -500B)
[2026-06-20T00:06:18.312Z] GET https://lh3.googleusercontent.com/a-/ALV-UjXn8PPWxN6PR-PEH0phPVZe8Z-Z4ZdVWuUOmNXbLUi5nypHUL2N=s128-c0x00000000-cc-rp-mo-ba5 → 200 (?ms, -502B)
[2026-06-20T00:06:18.312Z] GET https://lh3.googleusercontent.com/a-/ALV-UjVmsHv_eTcB3lwPTaIOG8aV7W8PS2r_u5zlTiAjPTQ-RFNcCerQNw=s128-c0x00000000-cc-rp-mo-ba6 → 200 (1ms, -503B)
[2026-06-20T00:06:18.313Z] GET https://lh3.googleusercontent.com/a-/ALV-UjWfLYC1B9TreNvIyOTWfRa2Ff1UG9iHVb1x8Ko0yWwPuo2cR4NupA=s128-c0x00000000-cc-rp-mo-ba4 → 200 (?ms, -503B)
[2026-06-20T00:06:18.313Z] GET https://lh3.googleusercontent.com/a/ACg8ocI7wUluuGb2IclvkRfYf1BEhaumY5jVEBGZrDOeMrVB-8_6IwM=s128-c0x00000000-cc-rp-mo-ba6 → 200 (?ms, -499B)
[2026-06-20T00:06:18.327Z] GET https://maps.google.com/maps?q=Pinnacles%20Desert%20Nambung%20National%20Park&z=13&output=embed&key=AIzaSyCpxQouLfUctGTK_oamhLQydsi71aH3sNg → 301 (?ms, ?B)
[2026-06-20T00:06:18.327Z] GET https://www.google.com/maps/embed?origin=mfe&pb=!1m3!2m1!1sPinnacles+Desert+Nambung+National+Park!6i13 → 200 (343ms, 1275B)
[2026-06-20T00:06:18.460Z] GET https://lh3.googleusercontent.com/place-photos/AJRVUZMOenkDQ300gqxG_BvoMQwOwdxtYeo-acgu5ywlltNovVvapOgEIy_TAkwN-6ZGBd7SBeGa6v4qbHTmvsUOBd1uZx_hKUsdorSqJAvfWw8ixqGsm0XNSJfI7Y32o4IY8Yi8GhNqbqQ0laLfnsrvuQfHiw=s1600-w900 → 200 (?ms, -503B)
[2026-06-20T00:06:18.462Z] GET https://lh3.googleusercontent.com/place-photos/AJRVUZMwjQh6GCH_SxX1p2KndywuXjmlyv7xJw8UxONQL4tTmck_q-DPVUsj_E0ktLUDI6yKSj22qT5xXITY3XSF_Ba_wxELcuajfe-h3FAkLucckR8yKQgvJxA-jzGwjV0DP5UdvLEjVkMVKXaUVSIp5McXDA=s1600-w900 → 200 (?ms, -502B)
[2026-06-20T00:06:18.465Z] GET https://lh3.googleusercontent.com/place-photos/AJRVUZPxspVT5S2ZXn74GYr9uTE9-mjcI1SL3lIUVip0KFl8RJXoIENhIitmZjKPaYTAyQru9rxLGPZVQVuFC5HwTqiHFuhLAQwsDRJHihFcVm_vub73xnhnz4GxZPwgDrZxygd8thuWY3YH-TpwQA=s1600-w900 → 200 (?ms, -503B)
[2026-06-20T00:06:18.550Z] GET https://lh3.googleusercontent.com/place-photos/AJRVUZMIZe0pzSwFXjDZQY6V6i-ztBpRkqdoQrXBTWU65Mr_NwXtD0jgsZ8Lc828WuMDmg033M9YfSrEzuPCEDpBgP97i4sHF5GWtIFXc4CY1o_xhCG8D-fEqQBgAqx7tcrWvQvhT9tYvHjSdpgoppZagYsX2A=s1600-w900 → 200 (1ms, -503B)
[2026-06-20T00:06:18.672Z] GET https://maps.gstatic.com/maps-api-v3/embed/js/65/5e/init_embed.js → 200 (?ms, -841B)
[2026-06-20T00:06:18.672Z] GET https://maps.googleapis.com/maps/api/js?key=AIzaSyCmL18misQw9KdwqGaw3zHkitj8vG6QF2Y&paint_origin=&libraries=geometry,search&v=weekly&loading=async&language=en_US&experimentation=allowed&callback=onApiLoad → 200 (?ms, -539B)
[2026-06-20T00:06:18.673Z] GET https://maps.googleapis.com/maps-api-v3/api/js/65/5e/geometry.js → 200 (?ms, -840B)
[2026-06-20T00:06:18.674Z] GET https://maps.googleapis.com/maps-api-v3/api/js/65/5e/search.js → 200 (?ms, -840B)
[2026-06-20T00:06:18.674Z] GET https://maps.googleapis.com/maps-api-v3/api/js/65/5e/main.js → 200 (?ms, -841B)
[2026-06-20T00:06:18.680Z] GET https://maps.googleapis.com/maps/api/mapsjs/gen_204?csp_test=true → 200 (201ms, 46B)
[2026-06-20T00:06:18.688Z] GET https://maps.googleapis.com/maps-api-v3/api/js/65/5e/common.js → 200 (?ms, -841B)
[2026-06-20T00:06:18.688Z] GET https://maps.googleapis.com/maps-api-v3/api/js/65/5e/util.js → 200 (?ms, -841B)
[2026-06-20T00:06:18.688Z] GET https://maps.googleapis.com/maps-api-v3/api/js/65/5e/map.js → 200 (?ms, -841B)
[2026-06-20T00:06:18.688Z] GET https://maps.googleapis.com/maps-api-v3/api/js/65/5e/controls.js → 200 (?ms, -841B)
[2026-06-20T00:06:18.688Z] GET https://maps.googleapis.com/maps-api-v3/api/js/65/5e/places_impl.js → 200 (?ms, -840B)
[2026-06-20T00:06:18.689Z] GET https://maps.googleapis.com/maps-api-v3/api/js/65/5e/places.js → 200 (?ms, -841B)
[2026-06-20T00:06:18.693Z] GET https://maps.googleapis.com/maps/api/js/StaticMapService.GetMapImage?1m2&1i1719202&2i1235808&2e1&3u13&4m2&1u438&2u200&5m6&1e0&5sen-US&6sus&10b1&12b1&14i47083502&8e1&key=AIzaSyCmL18misQw9KdwqGaw3zHkitj8vG6QF2Y&token=116550 → 200 (?ms, -756B)
[2026-06-20T00:06:18.694Z] GET https://maps.googleapis.com/maps-api-v3/api/js/65/5e/onion.js → 200 (?ms, -841B)
[2026-06-20T00:06:18.694Z] GET https://maps.googleapis.com/maps-api-v3/api/js/65/5e/search_impl.js → 200 (?ms, -840B)
[2026-06-20T00:09:41.898Z] GET http://localhost:5174/ → pending (?ms, ?B)
[2026-06-20T00:09:42.896Z] GET http://localhost:5174/ → 204 (2ms, ?B)
[2026-06-20T00:09:42.899Z] GET http://localhost:5174/ → 200 (4ms, 1258B)
[2026-06-20T00:09:42.908Z] GET http://localhost:5174/@vite/client → 200 (17ms, 137703B)
[2026-06-20T00:09:42.908Z] GET https://fonts.googleapis.com/css2?family=Noto+Serif+KR:wght@300;400;500;600;700&display=swap → 200 (?ms, -743B)
[2026-06-20T00:09:42.908Z] GET https://cdn.jsdelivr.net/gh/orioncactus/pretendard@v1.3.9/dist/web/variable/pretendardvariable.min.css → 200 (?ms, -1127B)
[2026-06-20T00:09:42.909Z] GET https://maps.googleapis.com/maps/api/js?key=AIzaSyCpxQouLfUctGTK_oamhLQydsi71aH3sNg&libraries=places → 200 (?ms, -558B)
[2026-06-20T00:09:42.909Z] GET http://localhost:5174/src/main.jsx → 200 (12ms, ?B)
[2026-06-20T00:09:42.909Z] GET http://localhost:5174/@react-refresh → 200 (14ms, ?B)
[2026-06-20T00:09:42.921Z] GET https://maps.googleapis.com/maps/api/mapsjs/gen_204?csp_test=true → pending (?ms, ?B)
[2026-06-20T00:09:42.923Z] GET http://localhost:5174/node_modules/.vite/deps/react_jsx-dev-runtime.js?v=bbdc9f68 → 200 (?ms, -310B)
[2026-06-20T00:09:42.923Z] GET http://localhost:5174/node_modules/.vite/deps/react.js?v=bbdc9f68 → 200 (?ms, -306B)
[2026-06-20T00:09:42.923Z] GET http://localhost:5174/node_modules/.vite/deps/react-dom_client.js?v=bbdc9f68 → 200 (1ms, -308B)
[2026-06-20T00:09:42.925Z] GET http://localhost:5174/src/App.jsx → 200 (76ms, ?B)
[2026-06-20T00:09:42.925Z] GET http://localhost:5174/src/App.css → 200 (2ms, ?B)
[2026-06-20T00:09:42.925Z] GET https://fonts.gstatic.com/s/notoserifkr/v31/3Jn7SDn90Gmq2mr3blnHaTZXduVp0uNzcmdRk6NBSYsXpcC_HIoOgGv0PTY.110.woff2 → 200 (?ms, -815B)
[2026-06-20T00:09:42.925Z] GET https://fonts.gstatic.com/s/notoserifkr/v31/3Jn7SDn90Gmq2mr3blnHaTZXduVp0uNzcmdRk6NBSYsXpcC_HIoOgGv0PTY.112.woff2 → 200 (?ms, -815B)
[2026-06-20T00:09:42.926Z] GET https://fonts.gstatic.com/s/notoserifkr/v31/3Jn7SDn90Gmq2mr3blnHaTZXduVp0uNzcmdRk6NBSYsXpcC_HIoOgGv0PTY.114.woff2 → 200 (?ms, -815B)
[2026-06-20T00:09:42.926Z] GET https://fonts.gstatic.com/s/notoserifkr/v31/3Jn7SDn90Gmq2mr3blnHaTZXduVp0uNzcmdRk6NBSYsXpcC_HIoOgGv0PTY.115.woff2 → 200 (?ms, -815B)
[2026-06-20T00:09:42.926Z] GET https://fonts.gstatic.com/s/notoserifkr/v31/3Jn7SDn90Gmq2mr3blnHaTZXduVp0uNzcmdRk6NBSYsXpcC_HIoOgGv0PTY.116.woff2 → 200 (?ms, -815B)
[2026-06-20T00:09:42.926Z] GET https://fonts.gstatic.com/s/notoserifkr/v31/3Jn7SDn90Gmq2mr3blnHaTZXduVp0uNzcmdRk6NBSYsXpcC_HIoOgGv0PTY.117.woff2 → 200 (?ms, -815B)
[2026-06-20T00:09:42.926Z] GET https://fonts.gstatic.com/s/notoserifkr/v31/3Jn7SDn90Gmq2mr3blnHaTZXduVp0uNzcmdRk6NBSYsXpcC_HIoOgGv0PTY.118.woff2 → 200 (?ms, -815B)
[2026-06-20T00:09:42.926Z] GET https://fonts.gstatic.com/s/notoserifkr/v31/3Jn7SDn90Gmq2mr3blnHaTZXduVp0uNzcmdRk6NBSYsXpcC_HIoOgGv0PTY.119.woff2 → 200 (?ms, -815B)
[2026-06-20T00:09:42.927Z] GET https://fonts.gstatic.com/s/notoserifkr/v31/3Jn7SDn90Gmq2mr3blnHaTZXRudj1cFxOHU.woff2 → 200 (?ms, -815B)
[2026-06-20T00:09:42.927Z] GET https://cdn.jsdelivr.net/gh/orioncactus/pretendard@v1.3.9/packages/pretendard/dist/web/variable/woff2/PretendardVariable.woff2 → 200 (?ms, -1110B)
[2026-06-20T00:09:42.927Z] GET http://localhost:5174/node_modules/.vite/deps/chunk-REFQX4J5.js?v=bbdc9f68 → 200 (?ms, -311B)
[2026-06-20T00:09:42.927Z] GET http://localhost:5174/node_modules/.vite/deps/chunk-373CG7ZK.js?v=bbdc9f68 → 200 (?ms, -312B)
[2026-06-20T00:09:42.927Z] GET http://localhost:5174/node_modules/vite/dist/client/env.mjs → 200 (48ms, ?B)
[2026-06-20T00:09:43.008Z] GET https://maps.googleapis.com/maps/api/js/AuthenticationService.Authenticate?1shttp%3A%2F%2Flocalhost%3A5174%2F&4sAIzaSyCpxQouLfUctGTK_oamhLQydsi71aH3sNg&8b0&callback=_xdc_._hhdfog&key=AIzaSyCpxQouLfUctGTK_oamhLQydsi71aH3sNg&token=51131 → pending (?ms, ?B)
[2026-06-20T00:09:44.694Z] GET https://maps.googleapis.com/maps/api/place/js/PlaceService.FindPlaceFromText?1sPinnacles%20Desert%20Nambung%20National%20Park&2e2&3m0&5m2&3m1&1splace_id&6m2&1sen-US&2e1&r_url=http%3A%2F%2Flocalhost%3A5174%2F&callback=_xdc_._2z3mku&key=AIzaSyCpxQouLfUctGTK_oamhLQydsi71aH3sNg&token=7854 → 200 (?ms, -831B)
[2026-06-20T00:09:44.695Z] GET https://maps.googleapis.com/maps/api/place/js/PlaceService.GetPlaceDetails?2sen-US&10e3&14m1&1sChIJVVJhIJMm0isRGCL6h2V0xCA&16m1&1sphotos%2Creviews%2Crating%2Cuser_ratings_total&17m1&2e1&r_url=http%3A%2F%2Flocalhost%3A5174%2F&callback=_xdc_._zhbr6d&key=AIzaSyCpxQouLfUctGTK_oamhLQydsi71aH3sNg&token=100377 → 200 (?ms, -832B)
[2026-06-20T00:09:44.696Z] GET https://maps.googleapis.com/maps/api/place/js/PhotoService.GetPhoto?1sAaVGc3mKEORny6XEARgHZ-8F2lHTwle1Be_ILyo3ymlOAn3u2p5onym3v_Xmw63gaJvi3xaCxIqKMJz7x93K5p5Ag9XnFBv4xfG6c68N7WoNwoTf-_LeYjf0gyRv2Rn5c6oJ_Sg9wlFOM6ivhHmBXlLQNA_jWrnwI4UtCgmoRX8COOSBoyHayS3EZTX-zkZ04zaypQr916IQ0CKBHu2P0wi1WRM_NdnCbbDggxH9qzEmapJO74cVl5OT2Mtu4ktRqNTLaROSGrpZCCt4u7kRSDktiVHxT8hKk9IoF4VSDEZ-qzoAekAyBX4FhuGIomWA-gH15AXXmayEscumL1ytzKEDgn6sm9tXAk207ITViOSn20I2MJmotZuIvUgGTlF5UIAJXGEm2gFpHjseNMwhX6U8tLThXC8XFkwxs5OTTxj4Umg&3u900&5m1&2e1&callback=none&r_url=http%3A%2F%2Flocalhost%3A5174%2F&key=AIzaSyCpxQouLfUctGTK_oamhLQydsi71aH3sNg&token=127312 → 302 (195ms, 403B)
[2026-06-20T00:09:44.891Z] GET https://lh3.googleusercontent.com/place-photos/AJRVUZNAiWcK8VZpHrUaYtjBcg8fPessckmADXJJLIUuwy3lrXDTHfB3n_guVfM70GqwuxR1ZFNuFDAfCkZN96ByfE1xFdqltNwrc3CrwZCGCE91uHgFxbyXzq4AvhmKejGKOiGmRjPwlYVg4r1A=s1600-w900 → 200 (?ms, -503B)
